2023-01-15T15:57:20,940 [INFO ] main org.pytorch.serve.servingsdk.impl.PluginsManager -  Loading snapshot serializer plugin...
2023-01-15T15:57:20,940 [INFO ] main org.pytorch.serve.servingsdk.impl.PluginsManager -  Loading snapshot serializer plugin...
2023-01-15T15:57:20,987 [INFO ] main org.pytorch.serve.servingsdk.impl.PluginsManager - Initializing plugins manager...
2023-01-15T15:57:20,987 [INFO ] main org.pytorch.serve.servingsdk.impl.PluginsManager - Initializing plugins manager...
2023-01-15T15:57:21,411 [INFO ] main org.pytorch.serve.ModelServer - 
Torchserve version: 0.7.0
TS Home: /home/denisa/anaconda3/envs/my_environment/lib/python3.10/site-packages
Current directory: /home/denisa/MLOPS/final_ex
Temp directory: /tmp
Metrics config path: /home/denisa/anaconda3/envs/my_environment/lib/python3.10/site-packages/ts/configs/metrics.yaml
Number of GPUs: 0
Number of CPUs: 12
Max heap size: 1952 M
Python executable: /home/denisa/anaconda3/envs/my_environment/bin/python3.10
Config file: N/A
Inference address: http://127.0.0.1:8080
Management address: http://127.0.0.1:8081
Metrics address: http://127.0.0.1:8082
Model Store: /home/denisa/MLOPS/final_ex/model_store
Initial Models: N/A
Log dir: /home/denisa/MLOPS/final_ex/logs
Metrics dir: /home/denisa/MLOPS/final_ex/logs
Netty threads: 0
Netty client threads: 0
Default workers per model: 12
Blacklist Regex: N/A
Maximum Response Size: 6553500
Maximum Request Size: 6553500
Limit Maximum Image Pixels: true
Prefer direct buffer: false
Allowed Urls: [file://.*|http(s)?://.*]
Custom python dependency for model allowed: false
Metrics report format: prometheus
Enable metrics API: true
Workflow Store: /home/denisa/MLOPS/final_ex/model_store
Model config: N/A
2023-01-15T15:57:21,411 [INFO ] main org.pytorch.serve.ModelServer - 
Torchserve version: 0.7.0
TS Home: /home/denisa/anaconda3/envs/my_environment/lib/python3.10/site-packages
Current directory: /home/denisa/MLOPS/final_ex
Temp directory: /tmp
Metrics config path: /home/denisa/anaconda3/envs/my_environment/lib/python3.10/site-packages/ts/configs/metrics.yaml
Number of GPUs: 0
Number of CPUs: 12
Max heap size: 1952 M
Python executable: /home/denisa/anaconda3/envs/my_environment/bin/python3.10
Config file: N/A
Inference address: http://127.0.0.1:8080
Management address: http://127.0.0.1:8081
Metrics address: http://127.0.0.1:8082
Model Store: /home/denisa/MLOPS/final_ex/model_store
Initial Models: N/A
Log dir: /home/denisa/MLOPS/final_ex/logs
Metrics dir: /home/denisa/MLOPS/final_ex/logs
Netty threads: 0
Netty client threads: 0
Default workers per model: 12
Blacklist Regex: N/A
Maximum Response Size: 6553500
Maximum Request Size: 6553500
Limit Maximum Image Pixels: true
Prefer direct buffer: false
Allowed Urls: [file://.*|http(s)?://.*]
Custom python dependency for model allowed: false
Metrics report format: prometheus
Enable metrics API: true
Workflow Store: /home/denisa/MLOPS/final_ex/model_store
Model config: N/A
2023-01-15T15:57:21,620 [INFO ] main org.pytorch.serve.ModelServer - Initialize Inference server with: EpollServerSocketChannel.
2023-01-15T15:57:21,620 [INFO ] main org.pytorch.serve.ModelServer - Initialize Inference server with: EpollServerSocketChannel.
2023-01-15T15:57:21,786 [INFO ] main org.pytorch.serve.ModelServer - Inference API bind to: http://127.0.0.1:8080
2023-01-15T15:57:21,786 [INFO ] main org.pytorch.serve.ModelServer - Inference API bind to: http://127.0.0.1:8080
2023-01-15T15:57:21,787 [INFO ] main org.pytorch.serve.ModelServer - Initialize Management server with: EpollServerSocketChannel.
2023-01-15T15:57:21,787 [INFO ] main org.pytorch.serve.ModelServer - Initialize Management server with: EpollServerSocketChannel.
2023-01-15T15:57:21,788 [INFO ] main org.pytorch.serve.ModelServer - Management API bind to: http://127.0.0.1:8081
2023-01-15T15:57:21,788 [INFO ] main org.pytorch.serve.ModelServer - Management API bind to: http://127.0.0.1:8081
2023-01-15T15:57:21,788 [INFO ] main org.pytorch.serve.ModelServer - Initialize Metrics server with: EpollServerSocketChannel.
2023-01-15T15:57:21,788 [INFO ] main org.pytorch.serve.ModelServer - Initialize Metrics server with: EpollServerSocketChannel.
2023-01-15T15:57:21,789 [INFO ] main org.pytorch.serve.ModelServer - Metrics API bind to: http://127.0.0.1:8082
2023-01-15T15:57:21,789 [INFO ] main org.pytorch.serve.ModelServer - Metrics API bind to: http://127.0.0.1:8082
2023-01-15T15:57:22,621 [INFO ] pool-3-thread-1 TS_METRICS - CPUUtilization.Percent:0.0|#Level:Host|#hostname:denisa-vm,timestamp:1673794642
2023-01-15T15:57:22,623 [INFO ] pool-3-thread-1 TS_METRICS - DiskAvailable.Gigabytes:10.578174591064453|#Level:Host|#hostname:denisa-vm,timestamp:1673794642
2023-01-15T15:57:22,623 [INFO ] pool-3-thread-1 TS_METRICS - DiskUsage.Gigabytes:26.887054443359375|#Level:Host|#hostname:denisa-vm,timestamp:1673794642
2023-01-15T15:57:22,623 [INFO ] pool-3-thread-1 TS_METRICS - DiskUtilization.Percent:71.8|#Level:Host|#hostname:denisa-vm,timestamp:1673794642
2023-01-15T15:57:22,624 [INFO ] pool-3-thread-1 TS_METRICS - MemoryAvailable.Megabytes:3324.36328125|#Level:Host|#hostname:denisa-vm,timestamp:1673794642
2023-01-15T15:57:22,624 [INFO ] pool-3-thread-1 TS_METRICS - MemoryUsed.Megabytes:3545.96875|#Level:Host|#hostname:denisa-vm,timestamp:1673794642
2023-01-15T15:57:22,624 [INFO ] pool-3-thread-1 TS_METRICS - MemoryUtilization.Percent:57.4|#Level:Host|#hostname:denisa-vm,timestamp:1673794642
2023-01-15T15:58:22,548 [INFO ] pool-3-thread-1 TS_METRICS - CPUUtilization.Percent:0.0|#Level:Host|#hostname:denisa-vm,timestamp:1673794702
2023-01-15T15:58:22,548 [INFO ] pool-3-thread-1 TS_METRICS - DiskAvailable.Gigabytes:10.577594757080078|#Level:Host|#hostname:denisa-vm,timestamp:1673794702
2023-01-15T15:58:22,548 [INFO ] pool-3-thread-1 TS_METRICS - DiskUsage.Gigabytes:26.88763427734375|#Level:Host|#hostname:denisa-vm,timestamp:1673794702
2023-01-15T15:58:22,548 [INFO ] pool-3-thread-1 TS_METRICS - DiskUtilization.Percent:71.8|#Level:Host|#hostname:denisa-vm,timestamp:1673794702
2023-01-15T15:58:22,548 [INFO ] pool-3-thread-1 TS_METRICS - MemoryAvailable.Megabytes:3325.3046875|#Level:Host|#hostname:denisa-vm,timestamp:1673794702
2023-01-15T15:58:22,549 [INFO ] pool-3-thread-1 TS_METRICS - MemoryUsed.Megabytes:3557.9296875|#Level:Host|#hostname:denisa-vm,timestamp:1673794702
2023-01-15T15:58:22,549 [INFO ] pool-3-thread-1 TS_METRICS - MemoryUtilization.Percent:57.4|#Level:Host|#hostname:denisa-vm,timestamp:1673794702
2023-01-15T15:59:22,545 [INFO ] pool-3-thread-1 TS_METRICS - CPUUtilization.Percent:0.0|#Level:Host|#hostname:denisa-vm,timestamp:1673794762
2023-01-15T15:59:22,545 [INFO ] pool-3-thread-1 TS_METRICS - DiskAvailable.Gigabytes:10.577030181884766|#Level:Host|#hostname:denisa-vm,timestamp:1673794762
2023-01-15T15:59:22,545 [INFO ] pool-3-thread-1 TS_METRICS - DiskUsage.Gigabytes:26.888198852539062|#Level:Host|#hostname:denisa-vm,timestamp:1673794762
2023-01-15T15:59:22,545 [INFO ] pool-3-thread-1 TS_METRICS - DiskUtilization.Percent:71.8|#Level:Host|#hostname:denisa-vm,timestamp:1673794762
2023-01-15T15:59:22,545 [INFO ] pool-3-thread-1 TS_METRICS - MemoryAvailable.Megabytes:3313.28125|#Level:Host|#hostname:denisa-vm,timestamp:1673794762
2023-01-15T15:59:22,545 [INFO ] pool-3-thread-1 TS_METRICS - MemoryUsed.Megabytes:3569.17578125|#Level:Host|#hostname:denisa-vm,timestamp:1673794762
2023-01-15T15:59:22,545 [INFO ] pool-3-thread-1 TS_METRICS - MemoryUtilization.Percent:57.6|#Level:Host|#hostname:denisa-vm,timestamp:1673794762
2023-01-15T16:00:22,548 [INFO ] pool-3-thread-1 TS_METRICS - CPUUtilization.Percent:0.0|#Level:Host|#hostname:denisa-vm,timestamp:1673794822
2023-01-15T16:00:22,548 [INFO ] pool-3-thread-1 TS_METRICS - DiskAvailable.Gigabytes:10.57647705078125|#Level:Host|#hostname:denisa-vm,timestamp:1673794822
2023-01-15T16:00:22,548 [INFO ] pool-3-thread-1 TS_METRICS - DiskUsage.Gigabytes:26.888751983642578|#Level:Host|#hostname:denisa-vm,timestamp:1673794822
2023-01-15T16:00:22,548 [INFO ] pool-3-thread-1 TS_METRICS - DiskUtilization.Percent:71.8|#Level:Host|#hostname:denisa-vm,timestamp:1673794822
2023-01-15T16:00:22,549 [INFO ] pool-3-thread-1 TS_METRICS - MemoryAvailable.Megabytes:3178.328125|#Level:Host|#hostname:denisa-vm,timestamp:1673794822
2023-01-15T16:00:22,549 [INFO ] pool-3-thread-1 TS_METRICS - MemoryUsed.Megabytes:3631.578125|#Level:Host|#hostname:denisa-vm,timestamp:1673794822
2023-01-15T16:00:22,549 [INFO ] pool-3-thread-1 TS_METRICS - MemoryUtilization.Percent:59.3|#Level:Host|#hostname:denisa-vm,timestamp:1673794822
2023-01-15T16:01:22,583 [INFO ] pool-3-thread-1 TS_METRICS - CPUUtilization.Percent:0.0|#Level:Host|#hostname:denisa-vm,timestamp:1673794882
2023-01-15T16:01:22,584 [INFO ] pool-3-thread-1 TS_METRICS - DiskAvailable.Gigabytes:10.57586669921875|#Level:Host|#hostname:denisa-vm,timestamp:1673794882
2023-01-15T16:01:22,584 [INFO ] pool-3-thread-1 TS_METRICS - DiskUsage.Gigabytes:26.889362335205078|#Level:Host|#hostname:denisa-vm,timestamp:1673794882
2023-01-15T16:01:22,584 [INFO ] pool-3-thread-1 TS_METRICS - DiskUtilization.Percent:71.8|#Level:Host|#hostname:denisa-vm,timestamp:1673794882
2023-01-15T16:01:22,584 [INFO ] pool-3-thread-1 TS_METRICS - MemoryAvailable.Megabytes:3124.609375|#Level:Host|#hostname:denisa-vm,timestamp:1673794882
2023-01-15T16:01:22,584 [INFO ] pool-3-thread-1 TS_METRICS - MemoryUsed.Megabytes:3685.3671875|#Level:Host|#hostname:denisa-vm,timestamp:1673794882
2023-01-15T16:01:22,585 [INFO ] pool-3-thread-1 TS_METRICS - MemoryUtilization.Percent:60.0|#Level:Host|#hostname:denisa-vm,timestamp:1673794882
2023-01-15T16:02:22,545 [INFO ] pool-3-thread-1 TS_METRICS - CPUUtilization.Percent:50.0|#Level:Host|#hostname:denisa-vm,timestamp:1673794942
2023-01-15T16:02:22,545 [INFO ] pool-3-thread-1 TS_METRICS - DiskAvailable.Gigabytes:10.57528305053711|#Level:Host|#hostname:denisa-vm,timestamp:1673794942
2023-01-15T16:02:22,546 [INFO ] pool-3-thread-1 TS_METRICS - DiskUsage.Gigabytes:26.88994598388672|#Level:Host|#hostname:denisa-vm,timestamp:1673794942
2023-01-15T16:02:22,546 [INFO ] pool-3-thread-1 TS_METRICS - DiskUtilization.Percent:71.8|#Level:Host|#hostname:denisa-vm,timestamp:1673794942
2023-01-15T16:02:22,546 [INFO ] pool-3-thread-1 TS_METRICS - MemoryAvailable.Megabytes:3157.8984375|#Level:Host|#hostname:denisa-vm,timestamp:1673794942
2023-01-15T16:02:22,546 [INFO ] pool-3-thread-1 TS_METRICS - MemoryUsed.Megabytes:3663.22265625|#Level:Host|#hostname:denisa-vm,timestamp:1673794942
2023-01-15T16:02:22,547 [INFO ] pool-3-thread-1 TS_METRICS - MemoryUtilization.Percent:59.5|#Level:Host|#hostname:denisa-vm,timestamp:1673794942
2023-01-15T16:03:22,547 [INFO ] pool-3-thread-1 TS_METRICS - CPUUtilization.Percent:0.0|#Level:Host|#hostname:denisa-vm,timestamp:1673795002
2023-01-15T16:03:22,547 [INFO ] pool-3-thread-1 TS_METRICS - DiskAvailable.Gigabytes:10.57473373413086|#Level:Host|#hostname:denisa-vm,timestamp:1673795002
2023-01-15T16:03:22,548 [INFO ] pool-3-thread-1 TS_METRICS - DiskUsage.Gigabytes:26.89049530029297|#Level:Host|#hostname:denisa-vm,timestamp:1673795002
2023-01-15T16:03:22,548 [INFO ] pool-3-thread-1 TS_METRICS - DiskUtilization.Percent:71.8|#Level:Host|#hostname:denisa-vm,timestamp:1673795002
2023-01-15T16:03:22,548 [INFO ] pool-3-thread-1 TS_METRICS - MemoryAvailable.Megabytes:3144.41796875|#Level:Host|#hostname:denisa-vm,timestamp:1673795002
2023-01-15T16:03:22,548 [INFO ] pool-3-thread-1 TS_METRICS - MemoryUsed.Megabytes:3677.69140625|#Level:Host|#hostname:denisa-vm,timestamp:1673795002
2023-01-15T16:03:22,548 [INFO ] pool-3-thread-1 TS_METRICS - MemoryUtilization.Percent:59.7|#Level:Host|#hostname:denisa-vm,timestamp:1673795002
2023-01-15T16:04:22,548 [INFO ] pool-3-thread-1 TS_METRICS - CPUUtilization.Percent:0.0|#Level:Host|#hostname:denisa-vm,timestamp:1673795062
2023-01-15T16:04:22,548 [INFO ] pool-3-thread-1 TS_METRICS - DiskAvailable.Gigabytes:10.57418441772461|#Level:Host|#hostname:denisa-vm,timestamp:1673795062
2023-01-15T16:04:22,548 [INFO ] pool-3-thread-1 TS_METRICS - DiskUsage.Gigabytes:26.89104461669922|#Level:Host|#hostname:denisa-vm,timestamp:1673795062
2023-01-15T16:04:22,548 [INFO ] pool-3-thread-1 TS_METRICS - DiskUtilization.Percent:71.8|#Level:Host|#hostname:denisa-vm,timestamp:1673795062
2023-01-15T16:04:22,549 [INFO ] pool-3-thread-1 TS_METRICS - MemoryAvailable.Megabytes:3146.45703125|#Level:Host|#hostname:denisa-vm,timestamp:1673795062
2023-01-15T16:04:22,549 [INFO ] pool-3-thread-1 TS_METRICS - MemoryUsed.Megabytes:3675.6640625|#Level:Host|#hostname:denisa-vm,timestamp:1673795062
2023-01-15T16:04:22,549 [INFO ] pool-3-thread-1 TS_METRICS - MemoryUtilization.Percent:59.7|#Level:Host|#hostname:denisa-vm,timestamp:1673795062
2023-01-15T16:05:22,589 [INFO ] pool-3-thread-1 TS_METRICS - CPUUtilization.Percent:33.3|#Level:Host|#hostname:denisa-vm,timestamp:1673795122
2023-01-15T16:05:22,589 [INFO ] pool-3-thread-1 TS_METRICS - DiskAvailable.Gigabytes:10.573604583740234|#Level:Host|#hostname:denisa-vm,timestamp:1673795122
2023-01-15T16:05:22,589 [INFO ] pool-3-thread-1 TS_METRICS - DiskUsage.Gigabytes:26.891624450683594|#Level:Host|#hostname:denisa-vm,timestamp:1673795122
2023-01-15T16:05:22,589 [INFO ] pool-3-thread-1 TS_METRICS - DiskUtilization.Percent:71.8|#Level:Host|#hostname:denisa-vm,timestamp:1673795122
2023-01-15T16:05:22,590 [INFO ] pool-3-thread-1 TS_METRICS - MemoryAvailable.Megabytes:3129.32421875|#Level:Host|#hostname:denisa-vm,timestamp:1673795122
2023-01-15T16:05:22,590 [INFO ] pool-3-thread-1 TS_METRICS - MemoryUsed.Megabytes:3685.8359375|#Level:Host|#hostname:denisa-vm,timestamp:1673795122
2023-01-15T16:05:22,590 [INFO ] pool-3-thread-1 TS_METRICS - MemoryUtilization.Percent:59.9|#Level:Host|#hostname:denisa-vm,timestamp:1673795122
2023-01-15T16:06:22,559 [INFO ] pool-3-thread-1 TS_METRICS - CPUUtilization.Percent:0.0|#Level:Host|#hostname:denisa-vm,timestamp:1673795182
2023-01-15T16:06:22,560 [INFO ] pool-3-thread-1 TS_METRICS - DiskAvailable.Gigabytes:10.573055267333984|#Level:Host|#hostname:denisa-vm,timestamp:1673795182
2023-01-15T16:06:22,560 [INFO ] pool-3-thread-1 TS_METRICS - DiskUsage.Gigabytes:26.892173767089844|#Level:Host|#hostname:denisa-vm,timestamp:1673795182
2023-01-15T16:06:22,560 [INFO ] pool-3-thread-1 TS_METRICS - DiskUtilization.Percent:71.8|#Level:Host|#hostname:denisa-vm,timestamp:1673795182
2023-01-15T16:06:22,560 [INFO ] pool-3-thread-1 TS_METRICS - MemoryAvailable.Megabytes:3133.26953125|#Level:Host|#hostname:denisa-vm,timestamp:1673795182
2023-01-15T16:06:22,560 [INFO ] pool-3-thread-1 TS_METRICS - MemoryUsed.Megabytes:3680.3828125|#Level:Host|#hostname:denisa-vm,timestamp:1673795182
2023-01-15T16:06:22,560 [INFO ] pool-3-thread-1 TS_METRICS - MemoryUtilization.Percent:59.9|#Level:Host|#hostname:denisa-vm,timestamp:1673795182
2023-01-15T16:07:22,593 [INFO ] pool-3-thread-2 TS_METRICS - CPUUtilization.Percent:0.0|#Level:Host|#hostname:denisa-vm,timestamp:1673795242
2023-01-15T16:07:22,594 [INFO ] pool-3-thread-2 TS_METRICS - DiskAvailable.Gigabytes:10.572505950927734|#Level:Host|#hostname:denisa-vm,timestamp:1673795242
2023-01-15T16:07:22,594 [INFO ] pool-3-thread-2 TS_METRICS - DiskUsage.Gigabytes:26.892723083496094|#Level:Host|#hostname:denisa-vm,timestamp:1673795242
2023-01-15T16:07:22,594 [INFO ] pool-3-thread-2 TS_METRICS - DiskUtilization.Percent:71.8|#Level:Host|#hostname:denisa-vm,timestamp:1673795242
2023-01-15T16:07:22,594 [INFO ] pool-3-thread-2 TS_METRICS - MemoryAvailable.Megabytes:3126.66796875|#Level:Host|#hostname:denisa-vm,timestamp:1673795242
2023-01-15T16:07:22,594 [INFO ] pool-3-thread-2 TS_METRICS - MemoryUsed.Megabytes:3690.40625|#Level:Host|#hostname:denisa-vm,timestamp:1673795242
2023-01-15T16:07:22,594 [INFO ] pool-3-thread-2 TS_METRICS - MemoryUtilization.Percent:59.9|#Level:Host|#hostname:denisa-vm,timestamp:1673795242
2023-01-15T16:08:22,547 [INFO ] pool-3-thread-2 TS_METRICS - CPUUtilization.Percent:0.0|#Level:Host|#hostname:denisa-vm,timestamp:1673795302
2023-01-15T16:08:22,547 [INFO ] pool-3-thread-2 TS_METRICS - DiskAvailable.Gigabytes:10.57192611694336|#Level:Host|#hostname:denisa-vm,timestamp:1673795302
2023-01-15T16:08:22,547 [INFO ] pool-3-thread-2 TS_METRICS - DiskUsage.Gigabytes:26.89330291748047|#Level:Host|#hostname:denisa-vm,timestamp:1673795302
2023-01-15T16:08:22,547 [INFO ] pool-3-thread-2 TS_METRICS - DiskUtilization.Percent:71.8|#Level:Host|#hostname:denisa-vm,timestamp:1673795302
2023-01-15T16:08:22,547 [INFO ] pool-3-thread-2 TS_METRICS - MemoryAvailable.Megabytes:3070.1484375|#Level:Host|#hostname:denisa-vm,timestamp:1673795302
2023-01-15T16:08:22,547 [INFO ] pool-3-thread-2 TS_METRICS - MemoryUsed.Megabytes:3744.3828125|#Level:Host|#hostname:denisa-vm,timestamp:1673795302
2023-01-15T16:08:22,547 [INFO ] pool-3-thread-2 TS_METRICS - MemoryUtilization.Percent:60.7|#Level:Host|#hostname:denisa-vm,timestamp:1673795302
2023-01-15T16:09:22,548 [INFO ] pool-3-thread-2 TS_METRICS - CPUUtilization.Percent:0.0|#Level:Host|#hostname:denisa-vm,timestamp:1673795362
2023-01-15T16:09:22,548 [INFO ] pool-3-thread-2 TS_METRICS - DiskAvailable.Gigabytes:10.571372985839844|#Level:Host|#hostname:denisa-vm,timestamp:1673795362
2023-01-15T16:09:22,548 [INFO ] pool-3-thread-2 TS_METRICS - DiskUsage.Gigabytes:26.893856048583984|#Level:Host|#hostname:denisa-vm,timestamp:1673795362
2023-01-15T16:09:22,548 [INFO ] pool-3-thread-2 TS_METRICS - DiskUtilization.Percent:71.8|#Level:Host|#hostname:denisa-vm,timestamp:1673795362
2023-01-15T16:09:22,548 [INFO ] pool-3-thread-2 TS_METRICS - MemoryAvailable.Megabytes:3045.98828125|#Level:Host|#hostname:denisa-vm,timestamp:1673795362
2023-01-15T16:09:22,548 [INFO ] pool-3-thread-2 TS_METRICS - MemoryUsed.Megabytes:3775.69921875|#Level:Host|#hostname:denisa-vm,timestamp:1673795362
2023-01-15T16:09:22,548 [INFO ] pool-3-thread-2 TS_METRICS - MemoryUtilization.Percent:61.0|#Level:Host|#hostname:denisa-vm,timestamp:1673795362
2023-01-15T16:10:22,580 [INFO ] pool-3-thread-2 TS_METRICS - CPUUtilization.Percent:0.0|#Level:Host|#hostname:denisa-vm,timestamp:1673795422
2023-01-15T16:10:22,580 [INFO ] pool-3-thread-2 TS_METRICS - DiskAvailable.Gigabytes:10.570785522460938|#Level:Host|#hostname:denisa-vm,timestamp:1673795422
2023-01-15T16:10:22,580 [INFO ] pool-3-thread-2 TS_METRICS - DiskUsage.Gigabytes:26.89444351196289|#Level:Host|#hostname:denisa-vm,timestamp:1673795422
2023-01-15T16:10:22,580 [INFO ] pool-3-thread-2 TS_METRICS - DiskUtilization.Percent:71.8|#Level:Host|#hostname:denisa-vm,timestamp:1673795422
2023-01-15T16:10:22,580 [INFO ] pool-3-thread-2 TS_METRICS - MemoryAvailable.Megabytes:3023.91796875|#Level:Host|#hostname:denisa-vm,timestamp:1673795422
2023-01-15T16:10:22,580 [INFO ] pool-3-thread-2 TS_METRICS - MemoryUsed.Megabytes:3796.59375|#Level:Host|#hostname:denisa-vm,timestamp:1673795422
2023-01-15T16:10:22,581 [INFO ] pool-3-thread-2 TS_METRICS - MemoryUtilization.Percent:61.3|#Level:Host|#hostname:denisa-vm,timestamp:1673795422
2023-01-15T16:11:22,604 [INFO ] pool-3-thread-2 TS_METRICS - CPUUtilization.Percent:0.0|#Level:Host|#hostname:denisa-vm,timestamp:1673795482
2023-01-15T16:11:22,605 [INFO ] pool-3-thread-2 TS_METRICS - DiskAvailable.Gigabytes:10.570121765136719|#Level:Host|#hostname:denisa-vm,timestamp:1673795482
2023-01-15T16:11:22,605 [INFO ] pool-3-thread-2 TS_METRICS - DiskUsage.Gigabytes:26.89510726928711|#Level:Host|#hostname:denisa-vm,timestamp:1673795482
2023-01-15T16:11:22,606 [INFO ] pool-3-thread-2 TS_METRICS - DiskUtilization.Percent:71.8|#Level:Host|#hostname:denisa-vm,timestamp:1673795482
2023-01-15T16:11:22,606 [INFO ] pool-3-thread-2 TS_METRICS - MemoryAvailable.Megabytes:3006.828125|#Level:Host|#hostname:denisa-vm,timestamp:1673795482
2023-01-15T16:11:22,606 [INFO ] pool-3-thread-2 TS_METRICS - MemoryUsed.Megabytes:3806.27734375|#Level:Host|#hostname:denisa-vm,timestamp:1673795482
2023-01-15T16:11:22,607 [INFO ] pool-3-thread-2 TS_METRICS - MemoryUtilization.Percent:61.5|#Level:Host|#hostname:denisa-vm,timestamp:1673795482
2023-01-15T16:12:22,602 [INFO ] pool-3-thread-1 TS_METRICS - CPUUtilization.Percent:0.0|#Level:Host|#hostname:denisa-vm,timestamp:1673795542
2023-01-15T16:12:22,603 [INFO ] pool-3-thread-1 TS_METRICS - DiskAvailable.Gigabytes:10.569564819335938|#Level:Host|#hostname:denisa-vm,timestamp:1673795542
2023-01-15T16:12:22,603 [INFO ] pool-3-thread-1 TS_METRICS - DiskUsage.Gigabytes:26.89566421508789|#Level:Host|#hostname:denisa-vm,timestamp:1673795542
2023-01-15T16:12:22,603 [INFO ] pool-3-thread-1 TS_METRICS - DiskUtilization.Percent:71.8|#Level:Host|#hostname:denisa-vm,timestamp:1673795542
2023-01-15T16:12:22,603 [INFO ] pool-3-thread-1 TS_METRICS - MemoryAvailable.Megabytes:3023.16015625|#Level:Host|#hostname:denisa-vm,timestamp:1673795542
2023-01-15T16:12:22,604 [INFO ] pool-3-thread-1 TS_METRICS - MemoryUsed.Megabytes:3790.07421875|#Level:Host|#hostname:denisa-vm,timestamp:1673795542
2023-01-15T16:12:22,604 [INFO ] pool-3-thread-1 TS_METRICS - MemoryUtilization.Percent:61.3|#Level:Host|#hostname:denisa-vm,timestamp:1673795542
2023-01-15T16:13:22,608 [INFO ] pool-3-thread-1 TS_METRICS - CPUUtilization.Percent:0.0|#Level:Host|#hostname:denisa-vm,timestamp:1673795602
2023-01-15T16:13:22,608 [INFO ] pool-3-thread-1 TS_METRICS - DiskAvailable.Gigabytes:10.569015502929688|#Level:Host|#hostname:denisa-vm,timestamp:1673795602
2023-01-15T16:13:22,608 [INFO ] pool-3-thread-1 TS_METRICS - DiskUsage.Gigabytes:26.89621353149414|#Level:Host|#hostname:denisa-vm,timestamp:1673795602
2023-01-15T16:13:22,608 [INFO ] pool-3-thread-1 TS_METRICS - DiskUtilization.Percent:71.8|#Level:Host|#hostname:denisa-vm,timestamp:1673795602
2023-01-15T16:13:22,608 [INFO ] pool-3-thread-1 TS_METRICS - MemoryAvailable.Megabytes:3021.171875|#Level:Host|#hostname:denisa-vm,timestamp:1673795602
2023-01-15T16:13:22,609 [INFO ] pool-3-thread-1 TS_METRICS - MemoryUsed.Megabytes:3796.90234375|#Level:Host|#hostname:denisa-vm,timestamp:1673795602
2023-01-15T16:13:22,609 [INFO ] pool-3-thread-1 TS_METRICS - MemoryUtilization.Percent:61.3|#Level:Host|#hostname:denisa-vm,timestamp:1673795602
2023-01-15T16:14:22,602 [INFO ] pool-3-thread-2 TS_METRICS - CPUUtilization.Percent:33.3|#Level:Host|#hostname:denisa-vm,timestamp:1673795662
2023-01-15T16:14:22,602 [INFO ] pool-3-thread-2 TS_METRICS - DiskAvailable.Gigabytes:10.568466186523438|#Level:Host|#hostname:denisa-vm,timestamp:1673795662
2023-01-15T16:14:22,602 [INFO ] pool-3-thread-2 TS_METRICS - DiskUsage.Gigabytes:26.89676284790039|#Level:Host|#hostname:denisa-vm,timestamp:1673795662
2023-01-15T16:14:22,602 [INFO ] pool-3-thread-2 TS_METRICS - DiskUtilization.Percent:71.8|#Level:Host|#hostname:denisa-vm,timestamp:1673795662
2023-01-15T16:14:22,602 [INFO ] pool-3-thread-2 TS_METRICS - MemoryAvailable.Megabytes:3022.015625|#Level:Host|#hostname:denisa-vm,timestamp:1673795662
2023-01-15T16:14:22,603 [INFO ] pool-3-thread-2 TS_METRICS - MemoryUsed.Megabytes:3796.0078125|#Level:Host|#hostname:denisa-vm,timestamp:1673795662
2023-01-15T16:14:22,603 [INFO ] pool-3-thread-2 TS_METRICS - MemoryUtilization.Percent:61.3|#Level:Host|#hostname:denisa-vm,timestamp:1673795662
2023-01-15T16:15:22,604 [INFO ] pool-3-thread-2 TS_METRICS - CPUUtilization.Percent:0.0|#Level:Host|#hostname:denisa-vm,timestamp:1673795722
2023-01-15T16:15:22,604 [INFO ] pool-3-thread-2 TS_METRICS - DiskAvailable.Gigabytes:10.567821502685547|#Level:Host|#hostname:denisa-vm,timestamp:1673795722
2023-01-15T16:15:22,605 [INFO ] pool-3-thread-2 TS_METRICS - DiskUsage.Gigabytes:26.89740753173828|#Level:Host|#hostname:denisa-vm,timestamp:1673795722
2023-01-15T16:15:22,605 [INFO ] pool-3-thread-2 TS_METRICS - DiskUtilization.Percent:71.8|#Level:Host|#hostname:denisa-vm,timestamp:1673795722
2023-01-15T16:15:22,605 [INFO ] pool-3-thread-2 TS_METRICS - MemoryAvailable.Megabytes:3021.984375|#Level:Host|#hostname:denisa-vm,timestamp:1673795722
2023-01-15T16:15:22,605 [INFO ] pool-3-thread-2 TS_METRICS - MemoryUsed.Megabytes:3796.03515625|#Level:Host|#hostname:denisa-vm,timestamp:1673795722
2023-01-15T16:15:22,605 [INFO ] pool-3-thread-2 TS_METRICS - MemoryUtilization.Percent:61.3|#Level:Host|#hostname:denisa-vm,timestamp:1673795722
2023-01-15T16:16:22,546 [INFO ] pool-3-thread-1 TS_METRICS - CPUUtilization.Percent:0.0|#Level:Host|#hostname:denisa-vm,timestamp:1673795782
2023-01-15T16:16:22,546 [INFO ] pool-3-thread-1 TS_METRICS - DiskAvailable.Gigabytes:10.567214965820312|#Level:Host|#hostname:denisa-vm,timestamp:1673795782
2023-01-15T16:16:22,546 [INFO ] pool-3-thread-1 TS_METRICS - DiskUsage.Gigabytes:26.898014068603516|#Level:Host|#hostname:denisa-vm,timestamp:1673795782
2023-01-15T16:16:22,546 [INFO ] pool-3-thread-1 TS_METRICS - DiskUtilization.Percent:71.8|#Level:Host|#hostname:denisa-vm,timestamp:1673795782
2023-01-15T16:16:22,546 [INFO ] pool-3-thread-1 TS_METRICS - MemoryAvailable.Megabytes:3032.296875|#Level:Host|#hostname:denisa-vm,timestamp:1673795782
2023-01-15T16:16:22,547 [INFO ] pool-3-thread-1 TS_METRICS - MemoryUsed.Megabytes:3800.33984375|#Level:Host|#hostname:denisa-vm,timestamp:1673795782
2023-01-15T16:16:22,547 [INFO ] pool-3-thread-1 TS_METRICS - MemoryUtilization.Percent:61.2|#Level:Host|#hostname:denisa-vm,timestamp:1673795782
2023-01-15T16:17:22,590 [INFO ] pool-3-thread-2 TS_METRICS - CPUUtilization.Percent:0.0|#Level:Host|#hostname:denisa-vm,timestamp:1673795842
2023-01-15T16:17:22,590 [INFO ] pool-3-thread-2 TS_METRICS - DiskAvailable.Gigabytes:10.566665649414062|#Level:Host|#hostname:denisa-vm,timestamp:1673795842
2023-01-15T16:17:22,591 [INFO ] pool-3-thread-2 TS_METRICS - DiskUsage.Gigabytes:26.898563385009766|#Level:Host|#hostname:denisa-vm,timestamp:1673795842
2023-01-15T16:17:22,591 [INFO ] pool-3-thread-2 TS_METRICS - DiskUtilization.Percent:71.8|#Level:Host|#hostname:denisa-vm,timestamp:1673795842
2023-01-15T16:17:22,591 [INFO ] pool-3-thread-2 TS_METRICS - MemoryAvailable.Megabytes:3040.8359375|#Level:Host|#hostname:denisa-vm,timestamp:1673795842
2023-01-15T16:17:22,591 [INFO ] pool-3-thread-2 TS_METRICS - MemoryUsed.Megabytes:3794.05859375|#Level:Host|#hostname:denisa-vm,timestamp:1673795842
2023-01-15T16:17:22,591 [INFO ] pool-3-thread-2 TS_METRICS - MemoryUtilization.Percent:61.0|#Level:Host|#hostname:denisa-vm,timestamp:1673795842
2023-01-15T16:18:22,603 [INFO ] pool-3-thread-2 TS_METRICS - CPUUtilization.Percent:0.0|#Level:Host|#hostname:denisa-vm,timestamp:1673795902
2023-01-15T16:18:22,603 [INFO ] pool-3-thread-2 TS_METRICS - DiskAvailable.Gigabytes:10.566085815429688|#Level:Host|#hostname:denisa-vm,timestamp:1673795902
2023-01-15T16:18:22,603 [INFO ] pool-3-thread-2 TS_METRICS - DiskUsage.Gigabytes:26.89914321899414|#Level:Host|#hostname:denisa-vm,timestamp:1673795902
2023-01-15T16:18:22,603 [INFO ] pool-3-thread-2 TS_METRICS - DiskUtilization.Percent:71.8|#Level:Host|#hostname:denisa-vm,timestamp:1673795902
2023-01-15T16:18:22,603 [INFO ] pool-3-thread-2 TS_METRICS - MemoryAvailable.Megabytes:2768.296875|#Level:Host|#hostname:denisa-vm,timestamp:1673795902
2023-01-15T16:18:22,604 [INFO ] pool-3-thread-2 TS_METRICS - MemoryUsed.Megabytes:4059.875|#Level:Host|#hostname:denisa-vm,timestamp:1673795902
2023-01-15T16:18:22,604 [INFO ] pool-3-thread-2 TS_METRICS - MemoryUtilization.Percent:64.5|#Level:Host|#hostname:denisa-vm,timestamp:1673795902
2023-01-15T16:19:22,545 [INFO ] pool-3-thread-2 TS_METRICS - CPUUtilization.Percent:0.0|#Level:Host|#hostname:denisa-vm,timestamp:1673795962
2023-01-15T16:19:22,546 [INFO ] pool-3-thread-2 TS_METRICS - DiskAvailable.Gigabytes:10.565536499023438|#Level:Host|#hostname:denisa-vm,timestamp:1673795962
2023-01-15T16:19:22,546 [INFO ] pool-3-thread-2 TS_METRICS - DiskUsage.Gigabytes:26.89969253540039|#Level:Host|#hostname:denisa-vm,timestamp:1673795962
2023-01-15T16:19:22,546 [INFO ] pool-3-thread-2 TS_METRICS - DiskUtilization.Percent:71.8|#Level:Host|#hostname:denisa-vm,timestamp:1673795962
2023-01-15T16:19:22,546 [INFO ] pool-3-thread-2 TS_METRICS - MemoryAvailable.Megabytes:2772.94140625|#Level:Host|#hostname:denisa-vm,timestamp:1673795962
2023-01-15T16:19:22,546 [INFO ] pool-3-thread-2 TS_METRICS - MemoryUsed.Megabytes:4013.55859375|#Level:Host|#hostname:denisa-vm,timestamp:1673795962
2023-01-15T16:19:22,546 [INFO ] pool-3-thread-2 TS_METRICS - MemoryUtilization.Percent:64.5|#Level:Host|#hostname:denisa-vm,timestamp:1673795962
2023-01-15T16:20:22,546 [INFO ] pool-3-thread-2 TS_METRICS - CPUUtilization.Percent:0.0|#Level:Host|#hostname:denisa-vm,timestamp:1673796022
2023-01-15T16:20:22,546 [INFO ] pool-3-thread-2 TS_METRICS - DiskAvailable.Gigabytes:10.56497573852539|#Level:Host|#hostname:denisa-vm,timestamp:1673796022
2023-01-15T16:20:22,546 [INFO ] pool-3-thread-2 TS_METRICS - DiskUsage.Gigabytes:26.900253295898438|#Level:Host|#hostname:denisa-vm,timestamp:1673796022
2023-01-15T16:20:22,547 [INFO ] pool-3-thread-2 TS_METRICS - DiskUtilization.Percent:71.8|#Level:Host|#hostname:denisa-vm,timestamp:1673796022
2023-01-15T16:20:22,547 [INFO ] pool-3-thread-2 TS_METRICS - MemoryAvailable.Megabytes:2845.73828125|#Level:Host|#hostname:denisa-vm,timestamp:1673796022
2023-01-15T16:20:22,547 [INFO ] pool-3-thread-2 TS_METRICS - MemoryUsed.Megabytes:3928.04296875|#Level:Host|#hostname:denisa-vm,timestamp:1673796022
2023-01-15T16:20:22,547 [INFO ] pool-3-thread-2 TS_METRICS - MemoryUtilization.Percent:63.5|#Level:Host|#hostname:denisa-vm,timestamp:1673796022
2023-01-15T16:21:22,588 [INFO ] pool-3-thread-2 TS_METRICS - CPUUtilization.Percent:0.0|#Level:Host|#hostname:denisa-vm,timestamp:1673796082
2023-01-15T16:21:22,588 [INFO ] pool-3-thread-2 TS_METRICS - DiskAvailable.Gigabytes:10.564380645751953|#Level:Host|#hostname:denisa-vm,timestamp:1673796082
2023-01-15T16:21:22,588 [INFO ] pool-3-thread-2 TS_METRICS - DiskUsage.Gigabytes:26.900848388671875|#Level:Host|#hostname:denisa-vm,timestamp:1673796082
2023-01-15T16:21:22,588 [INFO ] pool-3-thread-2 TS_METRICS - DiskUtilization.Percent:71.8|#Level:Host|#hostname:denisa-vm,timestamp:1673796082
2023-01-15T16:21:22,588 [INFO ] pool-3-thread-2 TS_METRICS - MemoryAvailable.Megabytes:2843.171875|#Level:Host|#hostname:denisa-vm,timestamp:1673796082
2023-01-15T16:21:22,589 [INFO ] pool-3-thread-2 TS_METRICS - MemoryUsed.Megabytes:3932.4453125|#Level:Host|#hostname:denisa-vm,timestamp:1673796082
2023-01-15T16:21:22,589 [INFO ] pool-3-thread-2 TS_METRICS - MemoryUtilization.Percent:63.6|#Level:Host|#hostname:denisa-vm,timestamp:1673796082
2023-01-15T16:22:22,546 [INFO ] pool-3-thread-2 TS_METRICS - CPUUtilization.Percent:0.0|#Level:Host|#hostname:denisa-vm,timestamp:1673796142
2023-01-15T16:22:22,546 [INFO ] pool-3-thread-2 TS_METRICS - DiskAvailable.Gigabytes:10.563831329345703|#Level:Host|#hostname:denisa-vm,timestamp:1673796142
2023-01-15T16:22:22,546 [INFO ] pool-3-thread-2 TS_METRICS - DiskUsage.Gigabytes:26.901397705078125|#Level:Host|#hostname:denisa-vm,timestamp:1673796142
2023-01-15T16:22:22,546 [INFO ] pool-3-thread-2 TS_METRICS - DiskUtilization.Percent:71.8|#Level:Host|#hostname:denisa-vm,timestamp:1673796142
2023-01-15T16:22:22,546 [INFO ] pool-3-thread-2 TS_METRICS - MemoryAvailable.Megabytes:2841.01953125|#Level:Host|#hostname:denisa-vm,timestamp:1673796142
2023-01-15T16:22:22,546 [INFO ] pool-3-thread-2 TS_METRICS - MemoryUsed.Megabytes:3927.58984375|#Level:Host|#hostname:denisa-vm,timestamp:1673796142
2023-01-15T16:22:22,547 [INFO ] pool-3-thread-2 TS_METRICS - MemoryUtilization.Percent:63.6|#Level:Host|#hostname:denisa-vm,timestamp:1673796142
2023-01-15T16:23:22,547 [INFO ] pool-3-thread-2 TS_METRICS - CPUUtilization.Percent:0.0|#Level:Host|#hostname:denisa-vm,timestamp:1673796202
2023-01-15T16:23:22,547 [INFO ] pool-3-thread-2 TS_METRICS - DiskAvailable.Gigabytes:10.563282012939453|#Level:Host|#hostname:denisa-vm,timestamp:1673796202
2023-01-15T16:23:22,547 [INFO ] pool-3-thread-2 TS_METRICS - DiskUsage.Gigabytes:26.901947021484375|#Level:Host|#hostname:denisa-vm,timestamp:1673796202
2023-01-15T16:23:22,548 [INFO ] pool-3-thread-2 TS_METRICS - DiskUtilization.Percent:71.8|#Level:Host|#hostname:denisa-vm,timestamp:1673796202
2023-01-15T16:23:22,548 [INFO ] pool-3-thread-2 TS_METRICS - MemoryAvailable.Megabytes:2834.0703125|#Level:Host|#hostname:denisa-vm,timestamp:1673796202
2023-01-15T16:23:22,548 [INFO ] pool-3-thread-2 TS_METRICS - MemoryUsed.Megabytes:3934.2421875|#Level:Host|#hostname:denisa-vm,timestamp:1673796202
2023-01-15T16:23:22,548 [INFO ] pool-3-thread-2 TS_METRICS - MemoryUtilization.Percent:63.7|#Level:Host|#hostname:denisa-vm,timestamp:1673796202
2023-01-15T16:24:22,545 [INFO ] pool-3-thread-2 TS_METRICS - CPUUtilization.Percent:0.0|#Level:Host|#hostname:denisa-vm,timestamp:1673796262
2023-01-15T16:24:22,545 [INFO ] pool-3-thread-2 TS_METRICS - DiskAvailable.Gigabytes:10.562702178955078|#Level:Host|#hostname:denisa-vm,timestamp:1673796262
2023-01-15T16:24:22,546 [INFO ] pool-3-thread-2 TS_METRICS - DiskUsage.Gigabytes:26.90252685546875|#Level:Host|#hostname:denisa-vm,timestamp:1673796262
2023-01-15T16:24:22,546 [INFO ] pool-3-thread-2 TS_METRICS - DiskUtilization.Percent:71.8|#Level:Host|#hostname:denisa-vm,timestamp:1673796262
2023-01-15T16:24:22,546 [INFO ] pool-3-thread-2 TS_METRICS - MemoryAvailable.Megabytes:2839.1796875|#Level:Host|#hostname:denisa-vm,timestamp:1673796262
2023-01-15T16:24:22,546 [INFO ] pool-3-thread-2 TS_METRICS - MemoryUsed.Megabytes:3938.546875|#Level:Host|#hostname:denisa-vm,timestamp:1673796262
2023-01-15T16:24:22,546 [INFO ] pool-3-thread-2 TS_METRICS - MemoryUtilization.Percent:63.6|#Level:Host|#hostname:denisa-vm,timestamp:1673796262
2023-01-15T16:25:22,547 [INFO ] pool-3-thread-1 TS_METRICS - CPUUtilization.Percent:0.0|#Level:Host|#hostname:denisa-vm,timestamp:1673796322
2023-01-15T16:25:22,548 [INFO ] pool-3-thread-1 TS_METRICS - DiskAvailable.Gigabytes:10.562152862548828|#Level:Host|#hostname:denisa-vm,timestamp:1673796322
2023-01-15T16:25:22,548 [INFO ] pool-3-thread-1 TS_METRICS - DiskUsage.Gigabytes:26.903076171875|#Level:Host|#hostname:denisa-vm,timestamp:1673796322
2023-01-15T16:25:22,548 [INFO ] pool-3-thread-1 TS_METRICS - DiskUtilization.Percent:71.8|#Level:Host|#hostname:denisa-vm,timestamp:1673796322
2023-01-15T16:25:22,548 [INFO ] pool-3-thread-1 TS_METRICS - MemoryAvailable.Megabytes:2834.44140625|#Level:Host|#hostname:denisa-vm,timestamp:1673796322
2023-01-15T16:25:22,548 [INFO ] pool-3-thread-1 TS_METRICS - MemoryUsed.Megabytes:3941.4765625|#Level:Host|#hostname:denisa-vm,timestamp:1673796322
2023-01-15T16:25:22,548 [INFO ] pool-3-thread-1 TS_METRICS - MemoryUtilization.Percent:63.7|#Level:Host|#hostname:denisa-vm,timestamp:1673796322
2023-01-15T16:26:22,546 [INFO ] pool-3-thread-1 TS_METRICS - CPUUtilization.Percent:0.0|#Level:Host|#hostname:denisa-vm,timestamp:1673796382
2023-01-15T16:26:22,547 [INFO ] pool-3-thread-1 TS_METRICS - DiskAvailable.Gigabytes:10.561603546142578|#Level:Host|#hostname:denisa-vm,timestamp:1673796382
2023-01-15T16:26:22,547 [INFO ] pool-3-thread-1 TS_METRICS - DiskUsage.Gigabytes:26.90362548828125|#Level:Host|#hostname:denisa-vm,timestamp:1673796382
2023-01-15T16:26:22,547 [INFO ] pool-3-thread-1 TS_METRICS - DiskUtilization.Percent:71.8|#Level:Host|#hostname:denisa-vm,timestamp:1673796382
2023-01-15T16:26:22,547 [INFO ] pool-3-thread-1 TS_METRICS - MemoryAvailable.Megabytes:2847.1640625|#Level:Host|#hostname:denisa-vm,timestamp:1673796382
2023-01-15T16:26:22,547 [INFO ] pool-3-thread-1 TS_METRICS - MemoryUsed.Megabytes:3943.265625|#Level:Host|#hostname:denisa-vm,timestamp:1673796382
2023-01-15T16:26:22,547 [INFO ] pool-3-thread-1 TS_METRICS - MemoryUtilization.Percent:63.5|#Level:Host|#hostname:denisa-vm,timestamp:1673796382
2023-01-15T16:27:22,584 [INFO ] pool-3-thread-1 TS_METRICS - CPUUtilization.Percent:0.0|#Level:Host|#hostname:denisa-vm,timestamp:1673796442
2023-01-15T16:27:22,584 [INFO ] pool-3-thread-1 TS_METRICS - DiskAvailable.Gigabytes:10.561054229736328|#Level:Host|#hostname:denisa-vm,timestamp:1673796442
2023-01-15T16:27:22,584 [INFO ] pool-3-thread-1 TS_METRICS - DiskUsage.Gigabytes:26.9041748046875|#Level:Host|#hostname:denisa-vm,timestamp:1673796442
2023-01-15T16:27:22,585 [INFO ] pool-3-thread-1 TS_METRICS - DiskUtilization.Percent:71.8|#Level:Host|#hostname:denisa-vm,timestamp:1673796442
2023-01-15T16:27:22,585 [INFO ] pool-3-thread-1 TS_METRICS - MemoryAvailable.Megabytes:2804.2265625|#Level:Host|#hostname:denisa-vm,timestamp:1673796442
2023-01-15T16:27:22,586 [INFO ] pool-3-thread-1 TS_METRICS - MemoryUsed.Megabytes:3993.1953125|#Level:Host|#hostname:denisa-vm,timestamp:1673796442
2023-01-15T16:27:22,586 [INFO ] pool-3-thread-1 TS_METRICS - MemoryUtilization.Percent:64.1|#Level:Host|#hostname:denisa-vm,timestamp:1673796442
2023-01-15T16:28:22,548 [INFO ] pool-3-thread-1 TS_METRICS - CPUUtilization.Percent:0.0|#Level:Host|#hostname:denisa-vm,timestamp:1673796502
2023-01-15T16:28:22,548 [INFO ] pool-3-thread-1 TS_METRICS - DiskAvailable.Gigabytes:10.560619354248047|#Level:Host|#hostname:denisa-vm,timestamp:1673796502
2023-01-15T16:28:22,548 [INFO ] pool-3-thread-1 TS_METRICS - DiskUsage.Gigabytes:26.90460968017578|#Level:Host|#hostname:denisa-vm,timestamp:1673796502
2023-01-15T16:28:22,548 [INFO ] pool-3-thread-1 TS_METRICS - DiskUtilization.Percent:71.8|#Level:Host|#hostname:denisa-vm,timestamp:1673796502
2023-01-15T16:28:22,548 [INFO ] pool-3-thread-1 TS_METRICS - MemoryAvailable.Megabytes:2826.26171875|#Level:Host|#hostname:denisa-vm,timestamp:1673796502
2023-01-15T16:28:22,549 [INFO ] pool-3-thread-1 TS_METRICS - MemoryUsed.Megabytes:3976.8515625|#Level:Host|#hostname:denisa-vm,timestamp:1673796502
2023-01-15T16:28:22,549 [INFO ] pool-3-thread-1 TS_METRICS - MemoryUtilization.Percent:63.8|#Level:Host|#hostname:denisa-vm,timestamp:1673796502
2023-01-15T16:29:22,583 [INFO ] pool-3-thread-2 TS_METRICS - CPUUtilization.Percent:0.0|#Level:Host|#hostname:denisa-vm,timestamp:1673796562
2023-01-15T16:29:22,583 [INFO ] pool-3-thread-2 TS_METRICS - DiskAvailable.Gigabytes:10.560070037841797|#Level:Host|#hostname:denisa-vm,timestamp:1673796562
2023-01-15T16:29:22,583 [INFO ] pool-3-thread-2 TS_METRICS - DiskUsage.Gigabytes:26.90515899658203|#Level:Host|#hostname:denisa-vm,timestamp:1673796562
2023-01-15T16:29:22,583 [INFO ] pool-3-thread-2 TS_METRICS - DiskUtilization.Percent:71.8|#Level:Host|#hostname:denisa-vm,timestamp:1673796562
2023-01-15T16:29:22,583 [INFO ] pool-3-thread-2 TS_METRICS - MemoryAvailable.Megabytes:2749.0390625|#Level:Host|#hostname:denisa-vm,timestamp:1673796562
2023-01-15T16:29:22,583 [INFO ] pool-3-thread-2 TS_METRICS - MemoryUsed.Megabytes:4013.61328125|#Level:Host|#hostname:denisa-vm,timestamp:1673796562
2023-01-15T16:29:22,583 [INFO ] pool-3-thread-2 TS_METRICS - MemoryUtilization.Percent:64.8|#Level:Host|#hostname:denisa-vm,timestamp:1673796562
2023-01-15T16:30:22,563 [INFO ] pool-3-thread-2 TS_METRICS - CPUUtilization.Percent:0.0|#Level:Host|#hostname:denisa-vm,timestamp:1673796622
2023-01-15T16:30:22,563 [INFO ] pool-3-thread-2 TS_METRICS - DiskAvailable.Gigabytes:10.559513092041016|#Level:Host|#hostname:denisa-vm,timestamp:1673796622
2023-01-15T16:30:22,563 [INFO ] pool-3-thread-2 TS_METRICS - DiskUsage.Gigabytes:26.905715942382812|#Level:Host|#hostname:denisa-vm,timestamp:1673796622
2023-01-15T16:30:22,563 [INFO ] pool-3-thread-2 TS_METRICS - DiskUtilization.Percent:71.8|#Level:Host|#hostname:denisa-vm,timestamp:1673796622
2023-01-15T16:30:22,563 [INFO ] pool-3-thread-2 TS_METRICS - MemoryAvailable.Megabytes:2642.45703125|#Level:Host|#hostname:denisa-vm,timestamp:1673796622
2023-01-15T16:30:22,563 [INFO ] pool-3-thread-2 TS_METRICS - MemoryUsed.Megabytes:4132.7109375|#Level:Host|#hostname:denisa-vm,timestamp:1673796622
2023-01-15T16:30:22,563 [INFO ] pool-3-thread-2 TS_METRICS - MemoryUtilization.Percent:66.2|#Level:Host|#hostname:denisa-vm,timestamp:1673796622
2023-01-15T16:31:22,545 [INFO ] pool-3-thread-2 TS_METRICS - CPUUtilization.Percent:25.0|#Level:Host|#hostname:denisa-vm,timestamp:1673796682
2023-01-15T16:31:22,546 [INFO ] pool-3-thread-2 TS_METRICS - DiskAvailable.Gigabytes:10.558902740478516|#Level:Host|#hostname:denisa-vm,timestamp:1673796682
2023-01-15T16:31:22,546 [INFO ] pool-3-thread-2 TS_METRICS - DiskUsage.Gigabytes:26.906326293945312|#Level:Host|#hostname:denisa-vm,timestamp:1673796682
2023-01-15T16:31:22,546 [INFO ] pool-3-thread-2 TS_METRICS - DiskUtilization.Percent:71.8|#Level:Host|#hostname:denisa-vm,timestamp:1673796682
2023-01-15T16:31:22,546 [INFO ] pool-3-thread-2 TS_METRICS - MemoryAvailable.Megabytes:2655.53125|#Level:Host|#hostname:denisa-vm,timestamp:1673796682
2023-01-15T16:31:22,546 [INFO ] pool-3-thread-2 TS_METRICS - MemoryUsed.Megabytes:4122.55078125|#Level:Host|#hostname:denisa-vm,timestamp:1673796682
2023-01-15T16:31:22,546 [INFO ] pool-3-thread-2 TS_METRICS - MemoryUtilization.Percent:66.0|#Level:Host|#hostname:denisa-vm,timestamp:1673796682
2023-01-15T16:32:22,605 [INFO ] pool-3-thread-2 TS_METRICS - CPUUtilization.Percent:0.0|#Level:Host|#hostname:denisa-vm,timestamp:1673796742
2023-01-15T16:32:22,606 [INFO ] pool-3-thread-2 TS_METRICS - DiskAvailable.Gigabytes:10.558311462402344|#Level:Host|#hostname:denisa-vm,timestamp:1673796742
2023-01-15T16:32:22,606 [INFO ] pool-3-thread-2 TS_METRICS - DiskUsage.Gigabytes:26.906917572021484|#Level:Host|#hostname:denisa-vm,timestamp:1673796742
2023-01-15T16:32:22,606 [INFO ] pool-3-thread-2 TS_METRICS - DiskUtilization.Percent:71.8|#Level:Host|#hostname:denisa-vm,timestamp:1673796742
2023-01-15T16:32:22,606 [INFO ] pool-3-thread-2 TS_METRICS - MemoryAvailable.Megabytes:2271.6328125|#Level:Host|#hostname:denisa-vm,timestamp:1673796742
2023-01-15T16:32:22,606 [INFO ] pool-3-thread-2 TS_METRICS - MemoryUsed.Megabytes:4496.76171875|#Level:Host|#hostname:denisa-vm,timestamp:1673796742
2023-01-15T16:32:22,607 [INFO ] pool-3-thread-2 TS_METRICS - MemoryUtilization.Percent:70.9|#Level:Host|#hostname:denisa-vm,timestamp:1673796742
2023-01-15T16:33:22,553 [INFO ] pool-3-thread-2 TS_METRICS - CPUUtilization.Percent:50.0|#Level:Host|#hostname:denisa-vm,timestamp:1673796802
2023-01-15T16:33:22,553 [INFO ] pool-3-thread-2 TS_METRICS - DiskAvailable.Gigabytes:10.557804107666016|#Level:Host|#hostname:denisa-vm,timestamp:1673796802
2023-01-15T16:33:22,554 [INFO ] pool-3-thread-2 TS_METRICS - DiskUsage.Gigabytes:26.907424926757812|#Level:Host|#hostname:denisa-vm,timestamp:1673796802
2023-01-15T16:33:22,554 [INFO ] pool-3-thread-2 TS_METRICS - DiskUtilization.Percent:71.8|#Level:Host|#hostname:denisa-vm,timestamp:1673796802
2023-01-15T16:33:22,554 [INFO ] pool-3-thread-2 TS_METRICS - MemoryAvailable.Megabytes:2871.12109375|#Level:Host|#hostname:denisa-vm,timestamp:1673796802
2023-01-15T16:33:22,554 [INFO ] pool-3-thread-2 TS_METRICS - MemoryUsed.Megabytes:3927.16015625|#Level:Host|#hostname:denisa-vm,timestamp:1673796802
2023-01-15T16:33:22,554 [INFO ] pool-3-thread-2 TS_METRICS - MemoryUtilization.Percent:63.2|#Level:Host|#hostname:denisa-vm,timestamp:1673796802
2023-01-15T16:34:22,545 [INFO ] pool-3-thread-2 TS_METRICS - CPUUtilization.Percent:0.0|#Level:Host|#hostname:denisa-vm,timestamp:1673796862
2023-01-15T16:34:22,546 [INFO ] pool-3-thread-2 TS_METRICS - DiskAvailable.Gigabytes:10.557254791259766|#Level:Host|#hostname:denisa-vm,timestamp:1673796862
2023-01-15T16:34:22,546 [INFO ] pool-3-thread-2 TS_METRICS - DiskUsage.Gigabytes:26.907974243164062|#Level:Host|#hostname:denisa-vm,timestamp:1673796862
2023-01-15T16:34:22,546 [INFO ] pool-3-thread-2 TS_METRICS - DiskUtilization.Percent:71.8|#Level:Host|#hostname:denisa-vm,timestamp:1673796862
2023-01-15T16:34:22,546 [INFO ] pool-3-thread-2 TS_METRICS - MemoryAvailable.Megabytes:2771.35546875|#Level:Host|#hostname:denisa-vm,timestamp:1673796862
2023-01-15T16:34:22,546 [INFO ] pool-3-thread-2 TS_METRICS - MemoryUsed.Megabytes:4031.48046875|#Level:Host|#hostname:denisa-vm,timestamp:1673796862
2023-01-15T16:34:22,546 [INFO ] pool-3-thread-2 TS_METRICS - MemoryUtilization.Percent:64.5|#Level:Host|#hostname:denisa-vm,timestamp:1673796862
2023-01-15T16:35:22,596 [INFO ] pool-3-thread-2 TS_METRICS - CPUUtilization.Percent:0.0|#Level:Host|#hostname:denisa-vm,timestamp:1673796922
2023-01-15T16:35:22,597 [INFO ] pool-3-thread-2 TS_METRICS - DiskAvailable.Gigabytes:10.55667495727539|#Level:Host|#hostname:denisa-vm,timestamp:1673796922
2023-01-15T16:35:22,597 [INFO ] pool-3-thread-2 TS_METRICS - DiskUsage.Gigabytes:26.908554077148438|#Level:Host|#hostname:denisa-vm,timestamp:1673796922
2023-01-15T16:35:22,597 [INFO ] pool-3-thread-2 TS_METRICS - DiskUtilization.Percent:71.8|#Level:Host|#hostname:denisa-vm,timestamp:1673796922
2023-01-15T16:35:22,597 [INFO ] pool-3-thread-2 TS_METRICS - MemoryAvailable.Megabytes:2681.84765625|#Level:Host|#hostname:denisa-vm,timestamp:1673796922
2023-01-15T16:35:22,597 [INFO ] pool-3-thread-2 TS_METRICS - MemoryUsed.Megabytes:4088.50390625|#Level:Host|#hostname:denisa-vm,timestamp:1673796922
2023-01-15T16:35:22,597 [INFO ] pool-3-thread-2 TS_METRICS - MemoryUtilization.Percent:65.6|#Level:Host|#hostname:denisa-vm,timestamp:1673796922
2023-01-15T16:36:22,545 [INFO ] pool-3-thread-2 TS_METRICS - CPUUtilization.Percent:33.3|#Level:Host|#hostname:denisa-vm,timestamp:1673796982
2023-01-15T16:36:22,545 [INFO ] pool-3-thread-2 TS_METRICS - DiskAvailable.Gigabytes:10.55612564086914|#Level:Host|#hostname:denisa-vm,timestamp:1673796982
2023-01-15T16:36:22,545 [INFO ] pool-3-thread-2 TS_METRICS - DiskUsage.Gigabytes:26.909103393554688|#Level:Host|#hostname:denisa-vm,timestamp:1673796982
2023-01-15T16:36:22,545 [INFO ] pool-3-thread-2 TS_METRICS - DiskUtilization.Percent:71.8|#Level:Host|#hostname:denisa-vm,timestamp:1673796982
2023-01-15T16:36:22,545 [INFO ] pool-3-thread-2 TS_METRICS - MemoryAvailable.Megabytes:2727.01171875|#Level:Host|#hostname:denisa-vm,timestamp:1673796982
2023-01-15T16:36:22,545 [INFO ] pool-3-thread-2 TS_METRICS - MemoryUsed.Megabytes:4051.4296875|#Level:Host|#hostname:denisa-vm,timestamp:1673796982
2023-01-15T16:36:22,545 [INFO ] pool-3-thread-2 TS_METRICS - MemoryUtilization.Percent:65.1|#Level:Host|#hostname:denisa-vm,timestamp:1673796982
2023-01-15T16:37:22,559 [INFO ] pool-3-thread-1 TS_METRICS - CPUUtilization.Percent:0.0|#Level:Host|#hostname:denisa-vm,timestamp:1673797042
2023-01-15T16:37:22,559 [INFO ] pool-3-thread-1 TS_METRICS - DiskAvailable.Gigabytes:10.55557632446289|#Level:Host|#hostname:denisa-vm,timestamp:1673797042
2023-01-15T16:37:22,559 [INFO ] pool-3-thread-1 TS_METRICS - DiskUsage.Gigabytes:26.909652709960938|#Level:Host|#hostname:denisa-vm,timestamp:1673797042
2023-01-15T16:37:22,560 [INFO ] pool-3-thread-1 TS_METRICS - DiskUtilization.Percent:71.8|#Level:Host|#hostname:denisa-vm,timestamp:1673797042
2023-01-15T16:37:22,560 [INFO ] pool-3-thread-1 TS_METRICS - MemoryAvailable.Megabytes:2716.80859375|#Level:Host|#hostname:denisa-vm,timestamp:1673797042
2023-01-15T16:37:22,560 [INFO ] pool-3-thread-1 TS_METRICS - MemoryUsed.Megabytes:4039.5|#Level:Host|#hostname:denisa-vm,timestamp:1673797042
2023-01-15T16:37:22,560 [INFO ] pool-3-thread-1 TS_METRICS - MemoryUtilization.Percent:65.2|#Level:Host|#hostname:denisa-vm,timestamp:1673797042
2023-01-15T16:38:22,544 [INFO ] pool-3-thread-1 TS_METRICS - CPUUtilization.Percent:0.0|#Level:Host|#hostname:denisa-vm,timestamp:1673797102
2023-01-15T16:38:22,545 [INFO ] pool-3-thread-1 TS_METRICS - DiskAvailable.Gigabytes:10.554996490478516|#Level:Host|#hostname:denisa-vm,timestamp:1673797102
2023-01-15T16:38:22,545 [INFO ] pool-3-thread-1 TS_METRICS - DiskUsage.Gigabytes:26.910232543945312|#Level:Host|#hostname:denisa-vm,timestamp:1673797102
2023-01-15T16:38:22,545 [INFO ] pool-3-thread-1 TS_METRICS - DiskUtilization.Percent:71.8|#Level:Host|#hostname:denisa-vm,timestamp:1673797102
2023-01-15T16:38:22,545 [INFO ] pool-3-thread-1 TS_METRICS - MemoryAvailable.Megabytes:2721.92578125|#Level:Host|#hostname:denisa-vm,timestamp:1673797102
2023-01-15T16:38:22,545 [INFO ] pool-3-thread-1 TS_METRICS - MemoryUsed.Megabytes:4065.95703125|#Level:Host|#hostname:denisa-vm,timestamp:1673797102
2023-01-15T16:38:22,545 [INFO ] pool-3-thread-1 TS_METRICS - MemoryUtilization.Percent:65.1|#Level:Host|#hostname:denisa-vm,timestamp:1673797102
2023-01-15T16:39:22,547 [INFO ] pool-3-thread-1 TS_METRICS - CPUUtilization.Percent:0.0|#Level:Host|#hostname:denisa-vm,timestamp:1673797162
2023-01-15T16:39:22,547 [INFO ] pool-3-thread-1 TS_METRICS - DiskAvailable.Gigabytes:10.554447174072266|#Level:Host|#hostname:denisa-vm,timestamp:1673797162
2023-01-15T16:39:22,547 [INFO ] pool-3-thread-1 TS_METRICS - DiskUsage.Gigabytes:26.910781860351562|#Level:Host|#hostname:denisa-vm,timestamp:1673797162
2023-01-15T16:39:22,547 [INFO ] pool-3-thread-1 TS_METRICS - DiskUtilization.Percent:71.8|#Level:Host|#hostname:denisa-vm,timestamp:1673797162
2023-01-15T16:39:22,548 [INFO ] pool-3-thread-1 TS_METRICS - MemoryAvailable.Megabytes:2727.16015625|#Level:Host|#hostname:denisa-vm,timestamp:1673797162
2023-01-15T16:39:22,548 [INFO ] pool-3-thread-1 TS_METRICS - MemoryUsed.Megabytes:4060.1640625|#Level:Host|#hostname:denisa-vm,timestamp:1673797162
2023-01-15T16:39:22,548 [INFO ] pool-3-thread-1 TS_METRICS - MemoryUtilization.Percent:65.1|#Level:Host|#hostname:denisa-vm,timestamp:1673797162
2023-01-15T16:40:22,546 [INFO ] pool-3-thread-1 TS_METRICS - CPUUtilization.Percent:0.0|#Level:Host|#hostname:denisa-vm,timestamp:1673797222
2023-01-15T16:40:22,546 [INFO ] pool-3-thread-1 TS_METRICS - DiskAvailable.Gigabytes:10.55389404296875|#Level:Host|#hostname:denisa-vm,timestamp:1673797222
2023-01-15T16:40:22,546 [INFO ] pool-3-thread-1 TS_METRICS - DiskUsage.Gigabytes:26.911334991455078|#Level:Host|#hostname:denisa-vm,timestamp:1673797222
2023-01-15T16:40:22,546 [INFO ] pool-3-thread-1 TS_METRICS - DiskUtilization.Percent:71.8|#Level:Host|#hostname:denisa-vm,timestamp:1673797222
2023-01-15T16:40:22,546 [INFO ] pool-3-thread-1 TS_METRICS - MemoryAvailable.Megabytes:2773.609375|#Level:Host|#hostname:denisa-vm,timestamp:1673797222
2023-01-15T16:40:22,546 [INFO ] pool-3-thread-1 TS_METRICS - MemoryUsed.Megabytes:3996.734375|#Level:Host|#hostname:denisa-vm,timestamp:1673797222
2023-01-15T16:40:22,546 [INFO ] pool-3-thread-1 TS_METRICS - MemoryUtilization.Percent:64.5|#Level:Host|#hostname:denisa-vm,timestamp:1673797222
2023-01-15T16:41:22,552 [INFO ] pool-3-thread-1 TS_METRICS - CPUUtilization.Percent:0.0|#Level:Host|#hostname:denisa-vm,timestamp:1673797282
2023-01-15T16:41:22,552 [INFO ] pool-3-thread-1 TS_METRICS - DiskAvailable.Gigabytes:10.553314208984375|#Level:Host|#hostname:denisa-vm,timestamp:1673797282
2023-01-15T16:41:22,552 [INFO ] pool-3-thread-1 TS_METRICS - DiskUsage.Gigabytes:26.911914825439453|#Level:Host|#hostname:denisa-vm,timestamp:1673797282
2023-01-15T16:41:22,552 [INFO ] pool-3-thread-1 TS_METRICS - DiskUtilization.Percent:71.8|#Level:Host|#hostname:denisa-vm,timestamp:1673797282
2023-01-15T16:41:22,552 [INFO ] pool-3-thread-1 TS_METRICS - MemoryAvailable.Megabytes:2773.6171875|#Level:Host|#hostname:denisa-vm,timestamp:1673797282
2023-01-15T16:41:22,552 [INFO ] pool-3-thread-1 TS_METRICS - MemoryUsed.Megabytes:3996.21875|#Level:Host|#hostname:denisa-vm,timestamp:1673797282
2023-01-15T16:41:22,552 [INFO ] pool-3-thread-1 TS_METRICS - MemoryUtilization.Percent:64.5|#Level:Host|#hostname:denisa-vm,timestamp:1673797282
2023-01-15T16:42:22,545 [INFO ] pool-3-thread-1 TS_METRICS - CPUUtilization.Percent:0.0|#Level:Host|#hostname:denisa-vm,timestamp:1673797342
2023-01-15T16:42:22,546 [INFO ] pool-3-thread-1 TS_METRICS - DiskAvailable.Gigabytes:10.552764892578125|#Level:Host|#hostname:denisa-vm,timestamp:1673797342
2023-01-15T16:42:22,546 [INFO ] pool-3-thread-1 TS_METRICS - DiskUsage.Gigabytes:26.912464141845703|#Level:Host|#hostname:denisa-vm,timestamp:1673797342
2023-01-15T16:42:22,546 [INFO ] pool-3-thread-1 TS_METRICS - DiskUtilization.Percent:71.8|#Level:Host|#hostname:denisa-vm,timestamp:1673797342
2023-01-15T16:42:22,546 [INFO ] pool-3-thread-1 TS_METRICS - MemoryAvailable.Megabytes:2760.20703125|#Level:Host|#hostname:denisa-vm,timestamp:1673797342
2023-01-15T16:42:22,546 [INFO ] pool-3-thread-1 TS_METRICS - MemoryUsed.Megabytes:4012.08984375|#Level:Host|#hostname:denisa-vm,timestamp:1673797342
2023-01-15T16:42:22,546 [INFO ] pool-3-thread-1 TS_METRICS - MemoryUtilization.Percent:64.6|#Level:Host|#hostname:denisa-vm,timestamp:1673797342
2023-01-15T16:43:22,547 [INFO ] pool-3-thread-1 TS_METRICS - CPUUtilization.Percent:0.0|#Level:Host|#hostname:denisa-vm,timestamp:1673797402
2023-01-15T16:43:22,547 [INFO ] pool-3-thread-1 TS_METRICS - DiskAvailable.Gigabytes:10.552215576171875|#Level:Host|#hostname:denisa-vm,timestamp:1673797402
2023-01-15T16:43:22,547 [INFO ] pool-3-thread-1 TS_METRICS - DiskUsage.Gigabytes:26.913013458251953|#Level:Host|#hostname:denisa-vm,timestamp:1673797402
2023-01-15T16:43:22,547 [INFO ] pool-3-thread-1 TS_METRICS - DiskUtilization.Percent:71.8|#Level:Host|#hostname:denisa-vm,timestamp:1673797402
2023-01-15T16:43:22,547 [INFO ] pool-3-thread-1 TS_METRICS - MemoryAvailable.Megabytes:2717.03515625|#Level:Host|#hostname:denisa-vm,timestamp:1673797402
2023-01-15T16:43:22,548 [INFO ] pool-3-thread-1 TS_METRICS - MemoryUsed.Megabytes:4062.671875|#Level:Host|#hostname:denisa-vm,timestamp:1673797402
2023-01-15T16:43:22,548 [INFO ] pool-3-thread-1 TS_METRICS - MemoryUtilization.Percent:65.2|#Level:Host|#hostname:denisa-vm,timestamp:1673797402
2023-01-15T16:44:22,559 [INFO ] pool-3-thread-1 TS_METRICS - CPUUtilization.Percent:0.0|#Level:Host|#hostname:denisa-vm,timestamp:1673797462
2023-01-15T16:44:22,559 [INFO ] pool-3-thread-1 TS_METRICS - DiskAvailable.Gigabytes:10.5516357421875|#Level:Host|#hostname:denisa-vm,timestamp:1673797462
2023-01-15T16:44:22,559 [INFO ] pool-3-thread-1 TS_METRICS - DiskUsage.Gigabytes:26.913593292236328|#Level:Host|#hostname:denisa-vm,timestamp:1673797462
2023-01-15T16:44:22,559 [INFO ] pool-3-thread-1 TS_METRICS - DiskUtilization.Percent:71.8|#Level:Host|#hostname:denisa-vm,timestamp:1673797462
2023-01-15T16:44:22,559 [INFO ] pool-3-thread-1 TS_METRICS - MemoryAvailable.Megabytes:2776.765625|#Level:Host|#hostname:denisa-vm,timestamp:1673797462
2023-01-15T16:44:22,559 [INFO ] pool-3-thread-1 TS_METRICS - MemoryUsed.Megabytes:3998.05078125|#Level:Host|#hostname:denisa-vm,timestamp:1673797462
2023-01-15T16:44:22,559 [INFO ] pool-3-thread-1 TS_METRICS - MemoryUtilization.Percent:64.4|#Level:Host|#hostname:denisa-vm,timestamp:1673797462
2023-01-15T16:45:22,545 [INFO ] pool-3-thread-1 TS_METRICS - CPUUtilization.Percent:50.0|#Level:Host|#hostname:denisa-vm,timestamp:1673797522
2023-01-15T16:45:22,545 [INFO ] pool-3-thread-1 TS_METRICS - DiskAvailable.Gigabytes:10.55108642578125|#Level:Host|#hostname:denisa-vm,timestamp:1673797522
2023-01-15T16:45:22,545 [INFO ] pool-3-thread-1 TS_METRICS - DiskUsage.Gigabytes:26.914142608642578|#Level:Host|#hostname:denisa-vm,timestamp:1673797522
2023-01-15T16:45:22,545 [INFO ] pool-3-thread-1 TS_METRICS - DiskUtilization.Percent:71.8|#Level:Host|#hostname:denisa-vm,timestamp:1673797522
2023-01-15T16:45:22,545 [INFO ] pool-3-thread-1 TS_METRICS - MemoryAvailable.Megabytes:2794.734375|#Level:Host|#hostname:denisa-vm,timestamp:1673797522
2023-01-15T16:45:22,546 [INFO ] pool-3-thread-1 TS_METRICS - MemoryUsed.Megabytes:3969.1640625|#Level:Host|#hostname:denisa-vm,timestamp:1673797522
2023-01-15T16:45:22,546 [INFO ] pool-3-thread-1 TS_METRICS - MemoryUtilization.Percent:64.2|#Level:Host|#hostname:denisa-vm,timestamp:1673797522
2023-01-15T16:46:22,602 [INFO ] pool-3-thread-1 TS_METRICS - CPUUtilization.Percent:0.0|#Level:Host|#hostname:denisa-vm,timestamp:1673797582
2023-01-15T16:46:22,602 [INFO ] pool-3-thread-1 TS_METRICS - DiskAvailable.Gigabytes:10.550533294677734|#Level:Host|#hostname:denisa-vm,timestamp:1673797582
2023-01-15T16:46:22,602 [INFO ] pool-3-thread-1 TS_METRICS - DiskUsage.Gigabytes:26.914695739746094|#Level:Host|#hostname:denisa-vm,timestamp:1673797582
2023-01-15T16:46:22,602 [INFO ] pool-3-thread-1 TS_METRICS - DiskUtilization.Percent:71.8|#Level:Host|#hostname:denisa-vm,timestamp:1673797582
2023-01-15T16:46:22,602 [INFO ] pool-3-thread-1 TS_METRICS - MemoryAvailable.Megabytes:2739.85546875|#Level:Host|#hostname:denisa-vm,timestamp:1673797582
2023-01-15T16:46:22,602 [INFO ] pool-3-thread-1 TS_METRICS - MemoryUsed.Megabytes:4025.51171875|#Level:Host|#hostname:denisa-vm,timestamp:1673797582
2023-01-15T16:46:22,603 [INFO ] pool-3-thread-1 TS_METRICS - MemoryUtilization.Percent:64.9|#Level:Host|#hostname:denisa-vm,timestamp:1673797582
2023-01-15T16:47:22,545 [INFO ] pool-3-thread-1 TS_METRICS - CPUUtilization.Percent:33.3|#Level:Host|#hostname:denisa-vm,timestamp:1673797642
2023-01-15T16:47:22,546 [INFO ] pool-3-thread-1 TS_METRICS - DiskAvailable.Gigabytes:10.54995346069336|#Level:Host|#hostname:denisa-vm,timestamp:1673797642
2023-01-15T16:47:22,546 [INFO ] pool-3-thread-1 TS_METRICS - DiskUsage.Gigabytes:26.91527557373047|#Level:Host|#hostname:denisa-vm,timestamp:1673797642
2023-01-15T16:47:22,546 [INFO ] pool-3-thread-1 TS_METRICS - DiskUtilization.Percent:71.8|#Level:Host|#hostname:denisa-vm,timestamp:1673797642
2023-01-15T16:47:22,546 [INFO ] pool-3-thread-1 TS_METRICS - MemoryAvailable.Megabytes:2773.7890625|#Level:Host|#hostname:denisa-vm,timestamp:1673797642
2023-01-15T16:47:22,546 [INFO ] pool-3-thread-1 TS_METRICS - MemoryUsed.Megabytes:3982.49609375|#Level:Host|#hostname:denisa-vm,timestamp:1673797642
2023-01-15T16:47:22,546 [INFO ] pool-3-thread-1 TS_METRICS - MemoryUtilization.Percent:64.5|#Level:Host|#hostname:denisa-vm,timestamp:1673797642
2023-01-15T16:48:22,545 [INFO ] pool-3-thread-1 TS_METRICS - CPUUtilization.Percent:33.3|#Level:Host|#hostname:denisa-vm,timestamp:1673797702
2023-01-15T16:48:22,545 [INFO ] pool-3-thread-1 TS_METRICS - DiskAvailable.Gigabytes:10.54940414428711|#Level:Host|#hostname:denisa-vm,timestamp:1673797702
2023-01-15T16:48:22,546 [INFO ] pool-3-thread-1 TS_METRICS - DiskUsage.Gigabytes:26.91582489013672|#Level:Host|#hostname:denisa-vm,timestamp:1673797702
2023-01-15T16:48:22,546 [INFO ] pool-3-thread-1 TS_METRICS - DiskUtilization.Percent:71.8|#Level:Host|#hostname:denisa-vm,timestamp:1673797702
2023-01-15T16:48:22,546 [INFO ] pool-3-thread-1 TS_METRICS - MemoryAvailable.Megabytes:2817.18359375|#Level:Host|#hostname:denisa-vm,timestamp:1673797702
2023-01-15T16:48:22,546 [INFO ] pool-3-thread-1 TS_METRICS - MemoryUsed.Megabytes:3949.78125|#Level:Host|#hostname:denisa-vm,timestamp:1673797702
2023-01-15T16:48:22,546 [INFO ] pool-3-thread-1 TS_METRICS - MemoryUtilization.Percent:63.9|#Level:Host|#hostname:denisa-vm,timestamp:1673797702
2023-01-15T16:49:22,547 [INFO ] pool-3-thread-1 TS_METRICS - CPUUtilization.Percent:0.0|#Level:Host|#hostname:denisa-vm,timestamp:1673797762
2023-01-15T16:49:22,547 [INFO ] pool-3-thread-1 TS_METRICS - DiskAvailable.Gigabytes:10.54885482788086|#Level:Host|#hostname:denisa-vm,timestamp:1673797762
2023-01-15T16:49:22,548 [INFO ] pool-3-thread-1 TS_METRICS - DiskUsage.Gigabytes:26.91637420654297|#Level:Host|#hostname:denisa-vm,timestamp:1673797762
2023-01-15T16:49:22,548 [INFO ] pool-3-thread-1 TS_METRICS - DiskUtilization.Percent:71.8|#Level:Host|#hostname:denisa-vm,timestamp:1673797762
2023-01-15T16:49:22,548 [INFO ] pool-3-thread-1 TS_METRICS - MemoryAvailable.Megabytes:2820.25|#Level:Host|#hostname:denisa-vm,timestamp:1673797762
2023-01-15T16:49:22,548 [INFO ] pool-3-thread-1 TS_METRICS - MemoryUsed.Megabytes:3951.5625|#Level:Host|#hostname:denisa-vm,timestamp:1673797762
2023-01-15T16:49:22,548 [INFO ] pool-3-thread-1 TS_METRICS - MemoryUtilization.Percent:63.9|#Level:Host|#hostname:denisa-vm,timestamp:1673797762
2023-01-15T16:50:22,546 [INFO ] pool-3-thread-2 TS_METRICS - CPUUtilization.Percent:0.0|#Level:Host|#hostname:denisa-vm,timestamp:1673797822
2023-01-15T16:50:22,546 [INFO ] pool-3-thread-2 TS_METRICS - DiskAvailable.Gigabytes:10.395526885986328|#Level:Host|#hostname:denisa-vm,timestamp:1673797822
2023-01-15T16:50:22,546 [INFO ] pool-3-thread-2 TS_METRICS - DiskUsage.Gigabytes:27.0697021484375|#Level:Host|#hostname:denisa-vm,timestamp:1673797822
2023-01-15T16:50:22,546 [INFO ] pool-3-thread-2 TS_METRICS - DiskUtilization.Percent:72.3|#Level:Host|#hostname:denisa-vm,timestamp:1673797822
2023-01-15T16:50:22,547 [INFO ] pool-3-thread-2 TS_METRICS - MemoryAvailable.Megabytes:2777.98828125|#Level:Host|#hostname:denisa-vm,timestamp:1673797822
2023-01-15T16:50:22,547 [INFO ] pool-3-thread-2 TS_METRICS - MemoryUsed.Megabytes:3993.78125|#Level:Host|#hostname:denisa-vm,timestamp:1673797822
2023-01-15T16:50:22,547 [INFO ] pool-3-thread-2 TS_METRICS - MemoryUtilization.Percent:64.4|#Level:Host|#hostname:denisa-vm,timestamp:1673797822
2023-01-15T16:51:22,545 [INFO ] pool-3-thread-1 TS_METRICS - CPUUtilization.Percent:33.3|#Level:Host|#hostname:denisa-vm,timestamp:1673797882
2023-01-15T16:51:22,546 [INFO ] pool-3-thread-1 TS_METRICS - DiskAvailable.Gigabytes:10.136730194091797|#Level:Host|#hostname:denisa-vm,timestamp:1673797882
2023-01-15T16:51:22,546 [INFO ] pool-3-thread-1 TS_METRICS - DiskUsage.Gigabytes:27.32849884033203|#Level:Host|#hostname:denisa-vm,timestamp:1673797882
2023-01-15T16:51:22,546 [INFO ] pool-3-thread-1 TS_METRICS - DiskUtilization.Percent:72.9|#Level:Host|#hostname:denisa-vm,timestamp:1673797882
2023-01-15T16:51:22,546 [INFO ] pool-3-thread-1 TS_METRICS - MemoryAvailable.Megabytes:2738.16015625|#Level:Host|#hostname:denisa-vm,timestamp:1673797882
2023-01-15T16:51:22,546 [INFO ] pool-3-thread-1 TS_METRICS - MemoryUsed.Megabytes:4034.1484375|#Level:Host|#hostname:denisa-vm,timestamp:1673797882
2023-01-15T16:51:22,546 [INFO ] pool-3-thread-1 TS_METRICS - MemoryUtilization.Percent:64.9|#Level:Host|#hostname:denisa-vm,timestamp:1673797882
2023-01-15T16:52:22,618 [INFO ] pool-3-thread-1 TS_METRICS - CPUUtilization.Percent:0.0|#Level:Host|#hostname:denisa-vm,timestamp:1673797942
2023-01-15T16:52:22,618 [INFO ] pool-3-thread-1 TS_METRICS - DiskAvailable.Gigabytes:9.729896545410156|#Level:Host|#hostname:denisa-vm,timestamp:1673797942
2023-01-15T16:52:22,618 [INFO ] pool-3-thread-1 TS_METRICS - DiskUsage.Gigabytes:27.735332489013672|#Level:Host|#hostname:denisa-vm,timestamp:1673797942
2023-01-15T16:52:22,618 [INFO ] pool-3-thread-1 TS_METRICS - DiskUtilization.Percent:74.0|#Level:Host|#hostname:denisa-vm,timestamp:1673797942
2023-01-15T16:52:22,618 [INFO ] pool-3-thread-1 TS_METRICS - MemoryAvailable.Megabytes:2770.07421875|#Level:Host|#hostname:denisa-vm,timestamp:1673797942
2023-01-15T16:52:22,619 [INFO ] pool-3-thread-1 TS_METRICS - MemoryUsed.Megabytes:4004.109375|#Level:Host|#hostname:denisa-vm,timestamp:1673797942
2023-01-15T16:52:22,619 [INFO ] pool-3-thread-1 TS_METRICS - MemoryUtilization.Percent:64.5|#Level:Host|#hostname:denisa-vm,timestamp:1673797942
2023-01-15T16:53:22,549 [INFO ] pool-3-thread-1 TS_METRICS - CPUUtilization.Percent:33.3|#Level:Host|#hostname:denisa-vm,timestamp:1673798002
2023-01-15T16:53:22,549 [INFO ] pool-3-thread-1 TS_METRICS - DiskAvailable.Gigabytes:9.48721694946289|#Level:Host|#hostname:denisa-vm,timestamp:1673798002
2023-01-15T16:53:22,549 [INFO ] pool-3-thread-1 TS_METRICS - DiskUsage.Gigabytes:27.978012084960938|#Level:Host|#hostname:denisa-vm,timestamp:1673798002
2023-01-15T16:53:22,549 [INFO ] pool-3-thread-1 TS_METRICS - DiskUtilization.Percent:74.7|#Level:Host|#hostname:denisa-vm,timestamp:1673798002
2023-01-15T16:53:22,549 [INFO ] pool-3-thread-1 TS_METRICS - MemoryAvailable.Megabytes:2714.46875|#Level:Host|#hostname:denisa-vm,timestamp:1673798002
2023-01-15T16:53:22,549 [INFO ] pool-3-thread-1 TS_METRICS - MemoryUsed.Megabytes:4059.05078125|#Level:Host|#hostname:denisa-vm,timestamp:1673798002
2023-01-15T16:53:22,550 [INFO ] pool-3-thread-1 TS_METRICS - MemoryUtilization.Percent:65.2|#Level:Host|#hostname:denisa-vm,timestamp:1673798002
2023-01-15T16:54:23,392 [INFO ] pool-3-thread-1 TS_METRICS - CPUUtilization.Percent:0.0|#Level:Host|#hostname:denisa-vm,timestamp:1673798063
2023-01-15T16:54:23,416 [INFO ] pool-3-thread-1 TS_METRICS - DiskAvailable.Gigabytes:8.646133422851562|#Level:Host|#hostname:denisa-vm,timestamp:1673798063
2023-01-15T16:54:23,416 [INFO ] pool-3-thread-1 TS_METRICS - DiskUsage.Gigabytes:28.819095611572266|#Level:Host|#hostname:denisa-vm,timestamp:1673798063
2023-01-15T16:54:23,416 [INFO ] pool-3-thread-1 TS_METRICS - DiskUtilization.Percent:76.9|#Level:Host|#hostname:denisa-vm,timestamp:1673798063
2023-01-15T16:54:23,416 [INFO ] pool-3-thread-1 TS_METRICS - MemoryAvailable.Megabytes:2711.71875|#Level:Host|#hostname:denisa-vm,timestamp:1673798063
2023-01-15T16:54:23,416 [INFO ] pool-3-thread-1 TS_METRICS - MemoryUsed.Megabytes:4062.515625|#Level:Host|#hostname:denisa-vm,timestamp:1673798063
2023-01-15T16:54:23,416 [INFO ] pool-3-thread-1 TS_METRICS - MemoryUtilization.Percent:65.3|#Level:Host|#hostname:denisa-vm,timestamp:1673798063
2023-01-15T16:55:22,923 [INFO ] pool-3-thread-1 TS_METRICS - CPUUtilization.Percent:0.0|#Level:Host|#hostname:denisa-vm,timestamp:1673798122
2023-01-15T16:55:23,834 [INFO ] pool-3-thread-1 TS_METRICS - DiskAvailable.Gigabytes:7.549282073974609|#Level:Host|#hostname:denisa-vm,timestamp:1673798122
2023-01-15T16:55:23,834 [INFO ] pool-3-thread-1 TS_METRICS - DiskUsage.Gigabytes:29.91594696044922|#Level:Host|#hostname:denisa-vm,timestamp:1673798122
2023-01-15T16:55:23,834 [INFO ] pool-3-thread-1 TS_METRICS - DiskUtilization.Percent:79.8|#Level:Host|#hostname:denisa-vm,timestamp:1673798122
2023-01-15T16:55:23,834 [INFO ] pool-3-thread-1 TS_METRICS - MemoryAvailable.Megabytes:2684.31640625|#Level:Host|#hostname:denisa-vm,timestamp:1673798122
2023-01-15T16:55:23,834 [INFO ] pool-3-thread-1 TS_METRICS - MemoryUsed.Megabytes:4093.48046875|#Level:Host|#hostname:denisa-vm,timestamp:1673798122
2023-01-15T16:55:23,834 [INFO ] pool-3-thread-1 TS_METRICS - MemoryUtilization.Percent:65.6|#Level:Host|#hostname:denisa-vm,timestamp:1673798122
2023-01-15T16:56:22,580 [INFO ] pool-3-thread-1 TS_METRICS - CPUUtilization.Percent:0.0|#Level:Host|#hostname:denisa-vm,timestamp:1673798182
2023-01-15T16:56:22,580 [INFO ] pool-3-thread-1 TS_METRICS - DiskAvailable.Gigabytes:8.187599182128906|#Level:Host|#hostname:denisa-vm,timestamp:1673798182
2023-01-15T16:56:22,580 [INFO ] pool-3-thread-1 TS_METRICS - DiskUsage.Gigabytes:29.277629852294922|#Level:Host|#hostname:denisa-vm,timestamp:1673798182
2023-01-15T16:56:22,580 [INFO ] pool-3-thread-1 TS_METRICS - DiskUtilization.Percent:78.1|#Level:Host|#hostname:denisa-vm,timestamp:1673798182
2023-01-15T16:56:22,580 [INFO ] pool-3-thread-1 TS_METRICS - MemoryAvailable.Megabytes:2831.0390625|#Level:Host|#hostname:denisa-vm,timestamp:1673798182
2023-01-15T16:56:22,580 [INFO ] pool-3-thread-1 TS_METRICS - MemoryUsed.Megabytes:3948.109375|#Level:Host|#hostname:denisa-vm,timestamp:1673798182
2023-01-15T16:56:22,580 [INFO ] pool-3-thread-1 TS_METRICS - MemoryUtilization.Percent:63.7|#Level:Host|#hostname:denisa-vm,timestamp:1673798182
2023-01-15T16:57:22,546 [INFO ] pool-3-thread-1 TS_METRICS - CPUUtilization.Percent:0.0|#Level:Host|#hostname:denisa-vm,timestamp:1673798242
2023-01-15T16:57:22,546 [INFO ] pool-3-thread-1 TS_METRICS - DiskAvailable.Gigabytes:8.339599609375|#Level:Host|#hostname:denisa-vm,timestamp:1673798242
2023-01-15T16:57:22,546 [INFO ] pool-3-thread-1 TS_METRICS - DiskUsage.Gigabytes:29.125629425048828|#Level:Host|#hostname:denisa-vm,timestamp:1673798242
2023-01-15T16:57:22,546 [INFO ] pool-3-thread-1 TS_METRICS - DiskUtilization.Percent:77.7|#Level:Host|#hostname:denisa-vm,timestamp:1673798242
2023-01-15T16:57:22,546 [INFO ] pool-3-thread-1 TS_METRICS - MemoryAvailable.Megabytes:2861.63671875|#Level:Host|#hostname:denisa-vm,timestamp:1673798242
2023-01-15T16:57:22,546 [INFO ] pool-3-thread-1 TS_METRICS - MemoryUsed.Megabytes:3920.3125|#Level:Host|#hostname:denisa-vm,timestamp:1673798242
2023-01-15T16:57:22,546 [INFO ] pool-3-thread-1 TS_METRICS - MemoryUtilization.Percent:63.3|#Level:Host|#hostname:denisa-vm,timestamp:1673798242
2023-01-15T16:58:22,587 [INFO ] pool-3-thread-1 TS_METRICS - CPUUtilization.Percent:0.0|#Level:Host|#hostname:denisa-vm,timestamp:1673798302
2023-01-15T16:58:22,587 [INFO ] pool-3-thread-1 TS_METRICS - DiskAvailable.Gigabytes:8.33905029296875|#Level:Host|#hostname:denisa-vm,timestamp:1673798302
2023-01-15T16:58:22,587 [INFO ] pool-3-thread-1 TS_METRICS - DiskUsage.Gigabytes:29.126178741455078|#Level:Host|#hostname:denisa-vm,timestamp:1673798302
2023-01-15T16:58:22,587 [INFO ] pool-3-thread-1 TS_METRICS - DiskUtilization.Percent:77.7|#Level:Host|#hostname:denisa-vm,timestamp:1673798302
2023-01-15T16:58:22,587 [INFO ] pool-3-thread-1 TS_METRICS - MemoryAvailable.Megabytes:2849.390625|#Level:Host|#hostname:denisa-vm,timestamp:1673798302
2023-01-15T16:58:22,587 [INFO ] pool-3-thread-1 TS_METRICS - MemoryUsed.Megabytes:3930.0234375|#Level:Host|#hostname:denisa-vm,timestamp:1673798302
2023-01-15T16:58:22,587 [INFO ] pool-3-thread-1 TS_METRICS - MemoryUtilization.Percent:63.5|#Level:Host|#hostname:denisa-vm,timestamp:1673798302
2023-01-15T16:59:22,584 [INFO ] pool-3-thread-1 TS_METRICS - CPUUtilization.Percent:0.0|#Level:Host|#hostname:denisa-vm,timestamp:1673798362
2023-01-15T16:59:22,584 [INFO ] pool-3-thread-1 TS_METRICS - DiskAvailable.Gigabytes:8.3385009765625|#Level:Host|#hostname:denisa-vm,timestamp:1673798362
2023-01-15T16:59:22,584 [INFO ] pool-3-thread-1 TS_METRICS - DiskUsage.Gigabytes:29.126728057861328|#Level:Host|#hostname:denisa-vm,timestamp:1673798362
2023-01-15T16:59:22,584 [INFO ] pool-3-thread-1 TS_METRICS - DiskUtilization.Percent:77.7|#Level:Host|#hostname:denisa-vm,timestamp:1673798362
2023-01-15T16:59:22,585 [INFO ] pool-3-thread-1 TS_METRICS - MemoryAvailable.Megabytes:2826.12890625|#Level:Host|#hostname:denisa-vm,timestamp:1673798362
2023-01-15T16:59:22,585 [INFO ] pool-3-thread-1 TS_METRICS - MemoryUsed.Megabytes:3954.1484375|#Level:Host|#hostname:denisa-vm,timestamp:1673798362
2023-01-15T16:59:22,585 [INFO ] pool-3-thread-1 TS_METRICS - MemoryUtilization.Percent:63.8|#Level:Host|#hostname:denisa-vm,timestamp:1673798362
2023-01-15T17:00:22,545 [INFO ] pool-3-thread-2 TS_METRICS - CPUUtilization.Percent:33.3|#Level:Host|#hostname:denisa-vm,timestamp:1673798422
2023-01-15T17:00:22,545 [INFO ] pool-3-thread-2 TS_METRICS - DiskAvailable.Gigabytes:8.185050964355469|#Level:Host|#hostname:denisa-vm,timestamp:1673798422
2023-01-15T17:00:22,545 [INFO ] pool-3-thread-2 TS_METRICS - DiskUsage.Gigabytes:29.28017807006836|#Level:Host|#hostname:denisa-vm,timestamp:1673798422
2023-01-15T17:00:22,545 [INFO ] pool-3-thread-2 TS_METRICS - DiskUtilization.Percent:78.2|#Level:Host|#hostname:denisa-vm,timestamp:1673798422
2023-01-15T17:00:22,546 [INFO ] pool-3-thread-2 TS_METRICS - MemoryAvailable.Megabytes:2787.89453125|#Level:Host|#hostname:denisa-vm,timestamp:1673798422
2023-01-15T17:00:22,546 [INFO ] pool-3-thread-2 TS_METRICS - MemoryUsed.Megabytes:4000.2578125|#Level:Host|#hostname:denisa-vm,timestamp:1673798422
2023-01-15T17:00:22,546 [INFO ] pool-3-thread-2 TS_METRICS - MemoryUtilization.Percent:64.3|#Level:Host|#hostname:denisa-vm,timestamp:1673798422
2023-01-15T17:01:22,546 [INFO ] pool-3-thread-2 TS_METRICS - CPUUtilization.Percent:0.0|#Level:Host|#hostname:denisa-vm,timestamp:1673798482
2023-01-15T17:01:22,546 [INFO ] pool-3-thread-2 TS_METRICS - DiskAvailable.Gigabytes:7.855628967285156|#Level:Host|#hostname:denisa-vm,timestamp:1673798482
2023-01-15T17:01:22,546 [INFO ] pool-3-thread-2 TS_METRICS - DiskUsage.Gigabytes:29.609600067138672|#Level:Host|#hostname:denisa-vm,timestamp:1673798482
2023-01-15T17:01:22,546 [INFO ] pool-3-thread-2 TS_METRICS - DiskUtilization.Percent:79.0|#Level:Host|#hostname:denisa-vm,timestamp:1673798482
2023-01-15T17:01:22,547 [INFO ] pool-3-thread-2 TS_METRICS - MemoryAvailable.Megabytes:2763.9609375|#Level:Host|#hostname:denisa-vm,timestamp:1673798482
2023-01-15T17:01:22,547 [INFO ] pool-3-thread-2 TS_METRICS - MemoryUsed.Megabytes:4026.40625|#Level:Host|#hostname:denisa-vm,timestamp:1673798482
2023-01-15T17:01:22,547 [INFO ] pool-3-thread-2 TS_METRICS - MemoryUtilization.Percent:64.6|#Level:Host|#hostname:denisa-vm,timestamp:1673798482
2023-01-15T17:02:22,540 [INFO ] pool-3-thread-2 TS_METRICS - CPUUtilization.Percent:33.3|#Level:Host|#hostname:denisa-vm,timestamp:1673798542
2023-01-15T17:02:22,541 [INFO ] pool-3-thread-2 TS_METRICS - DiskAvailable.Gigabytes:7.414478302001953|#Level:Host|#hostname:denisa-vm,timestamp:1673798542
2023-01-15T17:02:22,541 [INFO ] pool-3-thread-2 TS_METRICS - DiskUsage.Gigabytes:30.050750732421875|#Level:Host|#hostname:denisa-vm,timestamp:1673798542
2023-01-15T17:02:22,541 [INFO ] pool-3-thread-2 TS_METRICS - DiskUtilization.Percent:80.2|#Level:Host|#hostname:denisa-vm,timestamp:1673798542
2023-01-15T17:02:22,541 [INFO ] pool-3-thread-2 TS_METRICS - MemoryAvailable.Megabytes:2769.52734375|#Level:Host|#hostname:denisa-vm,timestamp:1673798542
2023-01-15T17:02:22,541 [INFO ] pool-3-thread-2 TS_METRICS - MemoryUsed.Megabytes:4020.82421875|#Level:Host|#hostname:denisa-vm,timestamp:1673798542
2023-01-15T17:02:22,541 [INFO ] pool-3-thread-2 TS_METRICS - MemoryUtilization.Percent:64.5|#Level:Host|#hostname:denisa-vm,timestamp:1673798542
2023-01-15T17:03:22,541 [INFO ] pool-3-thread-2 TS_METRICS - CPUUtilization.Percent:0.0|#Level:Host|#hostname:denisa-vm,timestamp:1673798602
2023-01-15T17:03:22,541 [INFO ] pool-3-thread-2 TS_METRICS - DiskAvailable.Gigabytes:7.344799041748047|#Level:Host|#hostname:denisa-vm,timestamp:1673798602
2023-01-15T17:03:22,541 [INFO ] pool-3-thread-2 TS_METRICS - DiskUsage.Gigabytes:30.12042999267578|#Level:Host|#hostname:denisa-vm,timestamp:1673798602
2023-01-15T17:03:22,541 [INFO ] pool-3-thread-2 TS_METRICS - DiskUtilization.Percent:80.4|#Level:Host|#hostname:denisa-vm,timestamp:1673798602
2023-01-15T17:03:22,541 [INFO ] pool-3-thread-2 TS_METRICS - MemoryAvailable.Megabytes:2758.1796875|#Level:Host|#hostname:denisa-vm,timestamp:1673798602
2023-01-15T17:03:22,541 [INFO ] pool-3-thread-2 TS_METRICS - MemoryUsed.Megabytes:4048.671875|#Level:Host|#hostname:denisa-vm,timestamp:1673798602
2023-01-15T17:03:22,541 [INFO ] pool-3-thread-2 TS_METRICS - MemoryUtilization.Percent:64.7|#Level:Host|#hostname:denisa-vm,timestamp:1673798602
2023-01-15T17:04:25,892 [INFO ] pool-3-thread-2 TS_METRICS - CPUUtilization.Percent:0.0|#Level:Host|#hostname:denisa-vm,timestamp:1673798665
2023-01-15T17:04:25,892 [INFO ] pool-3-thread-2 TS_METRICS - DiskAvailable.Gigabytes:6.6655426025390625|#Level:Host|#hostname:denisa-vm,timestamp:1673798665
2023-01-15T17:04:25,893 [INFO ] pool-3-thread-2 TS_METRICS - DiskUsage.Gigabytes:30.799686431884766|#Level:Host|#hostname:denisa-vm,timestamp:1673798665
2023-01-15T17:04:25,893 [INFO ] pool-3-thread-2 TS_METRICS - DiskUtilization.Percent:82.2|#Level:Host|#hostname:denisa-vm,timestamp:1673798665
2023-01-15T17:04:25,893 [INFO ] pool-3-thread-2 TS_METRICS - MemoryAvailable.Megabytes:2631.6015625|#Level:Host|#hostname:denisa-vm,timestamp:1673798665
2023-01-15T17:04:25,893 [INFO ] pool-3-thread-2 TS_METRICS - MemoryUsed.Megabytes:4160.0859375|#Level:Host|#hostname:denisa-vm,timestamp:1673798665
2023-01-15T17:04:25,893 [INFO ] pool-3-thread-2 TS_METRICS - MemoryUtilization.Percent:66.3|#Level:Host|#hostname:denisa-vm,timestamp:1673798665
2023-01-15T17:05:22,581 [INFO ] pool-3-thread-2 TS_METRICS - CPUUtilization.Percent:0.0|#Level:Host|#hostname:denisa-vm,timestamp:1673798722
2023-01-15T17:05:22,796 [INFO ] pool-3-thread-2 TS_METRICS - DiskAvailable.Gigabytes:5.522483825683594|#Level:Host|#hostname:denisa-vm,timestamp:1673798722
2023-01-15T17:05:22,823 [INFO ] pool-3-thread-2 TS_METRICS - DiskUsage.Gigabytes:31.942745208740234|#Level:Host|#hostname:denisa-vm,timestamp:1673798722
2023-01-15T17:05:22,824 [INFO ] pool-3-thread-2 TS_METRICS - DiskUtilization.Percent:85.3|#Level:Host|#hostname:denisa-vm,timestamp:1673798722
2023-01-15T17:05:22,824 [INFO ] pool-3-thread-2 TS_METRICS - MemoryAvailable.Megabytes:2642.828125|#Level:Host|#hostname:denisa-vm,timestamp:1673798722
2023-01-15T17:05:22,824 [INFO ] pool-3-thread-2 TS_METRICS - MemoryUsed.Megabytes:4167.96484375|#Level:Host|#hostname:denisa-vm,timestamp:1673798722
2023-01-15T17:05:22,825 [INFO ] pool-3-thread-2 TS_METRICS - MemoryUtilization.Percent:66.1|#Level:Host|#hostname:denisa-vm,timestamp:1673798722
2023-01-15T17:06:22,542 [INFO ] pool-3-thread-2 TS_METRICS - CPUUtilization.Percent:0.0|#Level:Host|#hostname:denisa-vm,timestamp:1673798782
2023-01-15T17:06:22,542 [INFO ] pool-3-thread-2 TS_METRICS - DiskAvailable.Gigabytes:5.168003082275391|#Level:Host|#hostname:denisa-vm,timestamp:1673798782
2023-01-15T17:06:22,543 [INFO ] pool-3-thread-2 TS_METRICS - DiskUsage.Gigabytes:32.29722595214844|#Level:Host|#hostname:denisa-vm,timestamp:1673798782
2023-01-15T17:06:22,543 [INFO ] pool-3-thread-2 TS_METRICS - DiskUtilization.Percent:86.2|#Level:Host|#hostname:denisa-vm,timestamp:1673798782
2023-01-15T17:06:22,543 [INFO ] pool-3-thread-2 TS_METRICS - MemoryAvailable.Megabytes:2689.78125|#Level:Host|#hostname:denisa-vm,timestamp:1673798782
2023-01-15T17:06:22,756 [INFO ] pool-3-thread-2 TS_METRICS - MemoryUsed.Megabytes:4135.28125|#Level:Host|#hostname:denisa-vm,timestamp:1673798782
2023-01-15T17:06:23,082 [INFO ] pool-3-thread-2 TS_METRICS - MemoryUtilization.Percent:65.5|#Level:Host|#hostname:denisa-vm,timestamp:1673798782
2023-01-15T17:07:22,570 [INFO ] pool-3-thread-2 TS_METRICS - CPUUtilization.Percent:50.0|#Level:Host|#hostname:denisa-vm,timestamp:1673798842
2023-01-15T17:07:22,570 [INFO ] pool-3-thread-2 TS_METRICS - DiskAvailable.Gigabytes:6.196846008300781|#Level:Host|#hostname:denisa-vm,timestamp:1673798842
2023-01-15T17:07:22,570 [INFO ] pool-3-thread-2 TS_METRICS - DiskUsage.Gigabytes:31.268383026123047|#Level:Host|#hostname:denisa-vm,timestamp:1673798842
2023-01-15T17:07:22,570 [INFO ] pool-3-thread-2 TS_METRICS - DiskUtilization.Percent:83.5|#Level:Host|#hostname:denisa-vm,timestamp:1673798842
2023-01-15T17:07:22,570 [INFO ] pool-3-thread-2 TS_METRICS - MemoryAvailable.Megabytes:2817.19140625|#Level:Host|#hostname:denisa-vm,timestamp:1673798842
2023-01-15T17:07:22,570 [INFO ] pool-3-thread-2 TS_METRICS - MemoryUsed.Megabytes:4005.85546875|#Level:Host|#hostname:denisa-vm,timestamp:1673798842
2023-01-15T17:07:22,570 [INFO ] pool-3-thread-2 TS_METRICS - MemoryUtilization.Percent:63.9|#Level:Host|#hostname:denisa-vm,timestamp:1673798842
2023-01-15T17:08:22,559 [INFO ] pool-3-thread-1 TS_METRICS - CPUUtilization.Percent:0.0|#Level:Host|#hostname:denisa-vm,timestamp:1673798902
2023-01-15T17:08:22,577 [INFO ] pool-3-thread-1 TS_METRICS - DiskAvailable.Gigabytes:5.954917907714844|#Level:Host|#hostname:denisa-vm,timestamp:1673798902
2023-01-15T17:08:22,578 [INFO ] pool-3-thread-1 TS_METRICS - DiskUsage.Gigabytes:31.510311126708984|#Level:Host|#hostname:denisa-vm,timestamp:1673798902
2023-01-15T17:08:22,578 [INFO ] pool-3-thread-1 TS_METRICS - DiskUtilization.Percent:84.1|#Level:Host|#hostname:denisa-vm,timestamp:1673798902
2023-01-15T17:08:22,578 [INFO ] pool-3-thread-1 TS_METRICS - MemoryAvailable.Megabytes:2769.49609375|#Level:Host|#hostname:denisa-vm,timestamp:1673798902
2023-01-15T17:08:22,578 [INFO ] pool-3-thread-1 TS_METRICS - MemoryUsed.Megabytes:4052.52734375|#Level:Host|#hostname:denisa-vm,timestamp:1673798902
2023-01-15T17:08:22,578 [INFO ] pool-3-thread-1 TS_METRICS - MemoryUtilization.Percent:64.5|#Level:Host|#hostname:denisa-vm,timestamp:1673798902
2023-01-15T17:09:22,581 [INFO ] pool-3-thread-1 TS_METRICS - CPUUtilization.Percent:33.3|#Level:Host|#hostname:denisa-vm,timestamp:1673798962
2023-01-15T17:09:22,581 [INFO ] pool-3-thread-1 TS_METRICS - DiskAvailable.Gigabytes:5.664581298828125|#Level:Host|#hostname:denisa-vm,timestamp:1673798962
2023-01-15T17:09:22,581 [INFO ] pool-3-thread-1 TS_METRICS - DiskUsage.Gigabytes:31.800647735595703|#Level:Host|#hostname:denisa-vm,timestamp:1673798962
2023-01-15T17:09:22,581 [INFO ] pool-3-thread-1 TS_METRICS - DiskUtilization.Percent:84.9|#Level:Host|#hostname:denisa-vm,timestamp:1673798962
2023-01-15T17:09:22,581 [INFO ] pool-3-thread-1 TS_METRICS - MemoryAvailable.Megabytes:2775.14453125|#Level:Host|#hostname:denisa-vm,timestamp:1673798962
2023-01-15T17:09:22,581 [INFO ] pool-3-thread-1 TS_METRICS - MemoryUsed.Megabytes:4062.34765625|#Level:Host|#hostname:denisa-vm,timestamp:1673798962
2023-01-15T17:09:22,581 [INFO ] pool-3-thread-1 TS_METRICS - MemoryUtilization.Percent:64.5|#Level:Host|#hostname:denisa-vm,timestamp:1673798962
2023-01-15T17:10:22,545 [INFO ] pool-3-thread-1 TS_METRICS - CPUUtilization.Percent:50.0|#Level:Host|#hostname:denisa-vm,timestamp:1673799022
2023-01-15T17:10:22,545 [INFO ] pool-3-thread-1 TS_METRICS - DiskAvailable.Gigabytes:5.355384826660156|#Level:Host|#hostname:denisa-vm,timestamp:1673799022
2023-01-15T17:10:22,545 [INFO ] pool-3-thread-1 TS_METRICS - DiskUsage.Gigabytes:32.10984420776367|#Level:Host|#hostname:denisa-vm,timestamp:1673799022
2023-01-15T17:10:22,545 [INFO ] pool-3-thread-1 TS_METRICS - DiskUtilization.Percent:85.7|#Level:Host|#hostname:denisa-vm,timestamp:1673799022
2023-01-15T17:10:22,546 [INFO ] pool-3-thread-1 TS_METRICS - MemoryAvailable.Megabytes:2806.7734375|#Level:Host|#hostname:denisa-vm,timestamp:1673799022
2023-01-15T17:10:22,546 [INFO ] pool-3-thread-1 TS_METRICS - MemoryUsed.Megabytes:4044.38671875|#Level:Host|#hostname:denisa-vm,timestamp:1673799022
2023-01-15T17:10:22,546 [INFO ] pool-3-thread-1 TS_METRICS - MemoryUtilization.Percent:64.0|#Level:Host|#hostname:denisa-vm,timestamp:1673799022
2023-01-15T17:11:22,545 [INFO ] pool-3-thread-1 TS_METRICS - CPUUtilization.Percent:0.0|#Level:Host|#hostname:denisa-vm,timestamp:1673799082
2023-01-15T17:11:22,545 [INFO ] pool-3-thread-1 TS_METRICS - DiskAvailable.Gigabytes:5.192981719970703|#Level:Host|#hostname:denisa-vm,timestamp:1673799082
2023-01-15T17:11:22,545 [INFO ] pool-3-thread-1 TS_METRICS - DiskUsage.Gigabytes:32.272247314453125|#Level:Host|#hostname:denisa-vm,timestamp:1673799082
2023-01-15T17:11:22,546 [INFO ] pool-3-thread-1 TS_METRICS - DiskUtilization.Percent:86.1|#Level:Host|#hostname:denisa-vm,timestamp:1673799082
2023-01-15T17:11:22,546 [INFO ] pool-3-thread-1 TS_METRICS - MemoryAvailable.Megabytes:2790.1015625|#Level:Host|#hostname:denisa-vm,timestamp:1673799082
2023-01-15T17:11:22,546 [INFO ] pool-3-thread-1 TS_METRICS - MemoryUsed.Megabytes:4070.625|#Level:Host|#hostname:denisa-vm,timestamp:1673799082
2023-01-15T17:11:22,546 [INFO ] pool-3-thread-1 TS_METRICS - MemoryUtilization.Percent:64.3|#Level:Host|#hostname:denisa-vm,timestamp:1673799082
2023-01-15T17:12:22,559 [INFO ] pool-3-thread-1 TS_METRICS - CPUUtilization.Percent:0.0|#Level:Host|#hostname:denisa-vm,timestamp:1673799142
2023-01-15T17:12:22,560 [INFO ] pool-3-thread-1 TS_METRICS - DiskAvailable.Gigabytes:5.180942535400391|#Level:Host|#hostname:denisa-vm,timestamp:1673799142
2023-01-15T17:12:22,560 [INFO ] pool-3-thread-1 TS_METRICS - DiskUsage.Gigabytes:32.28428649902344|#Level:Host|#hostname:denisa-vm,timestamp:1673799142
2023-01-15T17:12:22,560 [INFO ] pool-3-thread-1 TS_METRICS - DiskUtilization.Percent:86.2|#Level:Host|#hostname:denisa-vm,timestamp:1673799142
2023-01-15T17:12:22,560 [INFO ] pool-3-thread-1 TS_METRICS - MemoryAvailable.Megabytes:2813.37890625|#Level:Host|#hostname:denisa-vm,timestamp:1673799142
2023-01-15T17:12:22,560 [INFO ] pool-3-thread-1 TS_METRICS - MemoryUsed.Megabytes:4044.43359375|#Level:Host|#hostname:denisa-vm,timestamp:1673799142
2023-01-15T17:12:22,560 [INFO ] pool-3-thread-1 TS_METRICS - MemoryUtilization.Percent:64.0|#Level:Host|#hostname:denisa-vm,timestamp:1673799142
2023-01-15T17:13:22,545 [INFO ] pool-3-thread-1 TS_METRICS - CPUUtilization.Percent:0.0|#Level:Host|#hostname:denisa-vm,timestamp:1673799202
2023-01-15T17:13:22,545 [INFO ] pool-3-thread-1 TS_METRICS - DiskAvailable.Gigabytes:5.964878082275391|#Level:Host|#hostname:denisa-vm,timestamp:1673799202
2023-01-15T17:13:22,546 [INFO ] pool-3-thread-1 TS_METRICS - DiskUsage.Gigabytes:31.500350952148438|#Level:Host|#hostname:denisa-vm,timestamp:1673799202
2023-01-15T17:13:22,546 [INFO ] pool-3-thread-1 TS_METRICS - DiskUtilization.Percent:84.1|#Level:Host|#hostname:denisa-vm,timestamp:1673799202
2023-01-15T17:13:22,546 [INFO ] pool-3-thread-1 TS_METRICS - MemoryAvailable.Megabytes:2870.0078125|#Level:Host|#hostname:denisa-vm,timestamp:1673799202
2023-01-15T17:13:22,546 [INFO ] pool-3-thread-1 TS_METRICS - MemoryUsed.Megabytes:3989.95703125|#Level:Host|#hostname:denisa-vm,timestamp:1673799202
2023-01-15T17:13:22,546 [INFO ] pool-3-thread-1 TS_METRICS - MemoryUtilization.Percent:63.2|#Level:Host|#hostname:denisa-vm,timestamp:1673799202
2023-01-15T17:14:22,603 [INFO ] pool-3-thread-2 TS_METRICS - CPUUtilization.Percent:0.0|#Level:Host|#hostname:denisa-vm,timestamp:1673799262
2023-01-15T17:14:22,603 [INFO ] pool-3-thread-2 TS_METRICS - DiskAvailable.Gigabytes:5.964878082275391|#Level:Host|#hostname:denisa-vm,timestamp:1673799262
2023-01-15T17:14:22,603 [INFO ] pool-3-thread-2 TS_METRICS - DiskUsage.Gigabytes:31.500350952148438|#Level:Host|#hostname:denisa-vm,timestamp:1673799262
2023-01-15T17:14:22,603 [INFO ] pool-3-thread-2 TS_METRICS - DiskUtilization.Percent:84.1|#Level:Host|#hostname:denisa-vm,timestamp:1673799262
2023-01-15T17:14:22,603 [INFO ] pool-3-thread-2 TS_METRICS - MemoryAvailable.Megabytes:2832.53515625|#Level:Host|#hostname:denisa-vm,timestamp:1673799262
2023-01-15T17:14:22,603 [INFO ] pool-3-thread-2 TS_METRICS - MemoryUsed.Megabytes:4032.13671875|#Level:Host|#hostname:denisa-vm,timestamp:1673799262
2023-01-15T17:14:22,603 [INFO ] pool-3-thread-2 TS_METRICS - MemoryUtilization.Percent:63.7|#Level:Host|#hostname:denisa-vm,timestamp:1673799262
2023-01-15T17:15:22,582 [INFO ] pool-3-thread-2 TS_METRICS - CPUUtilization.Percent:0.0|#Level:Host|#hostname:denisa-vm,timestamp:1673799322
2023-01-15T17:15:22,582 [INFO ] pool-3-thread-2 TS_METRICS - DiskAvailable.Gigabytes:5.964878082275391|#Level:Host|#hostname:denisa-vm,timestamp:1673799322
2023-01-15T17:15:22,616 [INFO ] pool-3-thread-2 TS_METRICS - DiskUsage.Gigabytes:31.500350952148438|#Level:Host|#hostname:denisa-vm,timestamp:1673799322
2023-01-15T17:15:22,617 [INFO ] pool-3-thread-2 TS_METRICS - DiskUtilization.Percent:84.1|#Level:Host|#hostname:denisa-vm,timestamp:1673799322
2023-01-15T17:15:22,617 [INFO ] pool-3-thread-2 TS_METRICS - MemoryAvailable.Megabytes:2846.5859375|#Level:Host|#hostname:denisa-vm,timestamp:1673799322
2023-01-15T17:15:22,618 [INFO ] pool-3-thread-2 TS_METRICS - MemoryUsed.Megabytes:4017.3828125|#Level:Host|#hostname:denisa-vm,timestamp:1673799322
2023-01-15T17:15:22,618 [INFO ] pool-3-thread-2 TS_METRICS - MemoryUtilization.Percent:63.5|#Level:Host|#hostname:denisa-vm,timestamp:1673799322
2023-01-15T17:16:22,585 [INFO ] pool-3-thread-2 TS_METRICS - CPUUtilization.Percent:50.0|#Level:Host|#hostname:denisa-vm,timestamp:1673799382
2023-01-15T17:16:22,586 [INFO ] pool-3-thread-2 TS_METRICS - DiskAvailable.Gigabytes:5.964878082275391|#Level:Host|#hostname:denisa-vm,timestamp:1673799382
2023-01-15T17:16:22,586 [INFO ] pool-3-thread-2 TS_METRICS - DiskUsage.Gigabytes:31.500350952148438|#Level:Host|#hostname:denisa-vm,timestamp:1673799382
2023-01-15T17:16:22,586 [INFO ] pool-3-thread-2 TS_METRICS - DiskUtilization.Percent:84.1|#Level:Host|#hostname:denisa-vm,timestamp:1673799382
2023-01-15T17:16:22,586 [INFO ] pool-3-thread-2 TS_METRICS - MemoryAvailable.Megabytes:2836.734375|#Level:Host|#hostname:denisa-vm,timestamp:1673799382
2023-01-15T17:16:22,586 [INFO ] pool-3-thread-2 TS_METRICS - MemoryUsed.Megabytes:4032.58984375|#Level:Host|#hostname:denisa-vm,timestamp:1673799382
2023-01-15T17:16:22,586 [INFO ] pool-3-thread-2 TS_METRICS - MemoryUtilization.Percent:63.7|#Level:Host|#hostname:denisa-vm,timestamp:1673799382
2023-01-15T17:17:22,582 [INFO ] pool-3-thread-1 TS_METRICS - CPUUtilization.Percent:25.0|#Level:Host|#hostname:denisa-vm,timestamp:1673799442
2023-01-15T17:17:22,582 [INFO ] pool-3-thread-1 TS_METRICS - DiskAvailable.Gigabytes:5.964874267578125|#Level:Host|#hostname:denisa-vm,timestamp:1673799442
2023-01-15T17:17:22,582 [INFO ] pool-3-thread-1 TS_METRICS - DiskUsage.Gigabytes:31.500354766845703|#Level:Host|#hostname:denisa-vm,timestamp:1673799442
2023-01-15T17:17:22,582 [INFO ] pool-3-thread-1 TS_METRICS - DiskUtilization.Percent:84.1|#Level:Host|#hostname:denisa-vm,timestamp:1673799442
2023-01-15T17:17:22,582 [INFO ] pool-3-thread-1 TS_METRICS - MemoryAvailable.Megabytes:2877.91796875|#Level:Host|#hostname:denisa-vm,timestamp:1673799442
2023-01-15T17:17:22,583 [INFO ] pool-3-thread-1 TS_METRICS - MemoryUsed.Megabytes:3989.62890625|#Level:Host|#hostname:denisa-vm,timestamp:1673799442
2023-01-15T17:17:22,583 [INFO ] pool-3-thread-1 TS_METRICS - MemoryUtilization.Percent:63.1|#Level:Host|#hostname:denisa-vm,timestamp:1673799442
2023-01-15T17:18:22,574 [INFO ] pool-3-thread-1 TS_METRICS - CPUUtilization.Percent:33.3|#Level:Host|#hostname:denisa-vm,timestamp:1673799502
2023-01-15T17:18:22,575 [INFO ] pool-3-thread-1 TS_METRICS - DiskAvailable.Gigabytes:5.964874267578125|#Level:Host|#hostname:denisa-vm,timestamp:1673799502
2023-01-15T17:18:22,575 [INFO ] pool-3-thread-1 TS_METRICS - DiskUsage.Gigabytes:31.500354766845703|#Level:Host|#hostname:denisa-vm,timestamp:1673799502
2023-01-15T17:18:22,575 [INFO ] pool-3-thread-1 TS_METRICS - DiskUtilization.Percent:84.1|#Level:Host|#hostname:denisa-vm,timestamp:1673799502
2023-01-15T17:18:22,575 [INFO ] pool-3-thread-1 TS_METRICS - MemoryAvailable.Megabytes:2863.6796875|#Level:Host|#hostname:denisa-vm,timestamp:1673799502
2023-01-15T17:18:22,575 [INFO ] pool-3-thread-1 TS_METRICS - MemoryUsed.Megabytes:4005.94921875|#Level:Host|#hostname:denisa-vm,timestamp:1673799502
2023-01-15T17:18:22,575 [INFO ] pool-3-thread-1 TS_METRICS - MemoryUtilization.Percent:63.3|#Level:Host|#hostname:denisa-vm,timestamp:1673799502
2023-01-15T17:19:22,565 [INFO ] pool-3-thread-1 TS_METRICS - CPUUtilization.Percent:33.3|#Level:Host|#hostname:denisa-vm,timestamp:1673799562
2023-01-15T17:19:22,565 [INFO ] pool-3-thread-1 TS_METRICS - DiskAvailable.Gigabytes:5.964870452880859|#Level:Host|#hostname:denisa-vm,timestamp:1673799562
2023-01-15T17:19:22,565 [INFO ] pool-3-thread-1 TS_METRICS - DiskUsage.Gigabytes:31.50035858154297|#Level:Host|#hostname:denisa-vm,timestamp:1673799562
2023-01-15T17:19:22,565 [INFO ] pool-3-thread-1 TS_METRICS - DiskUtilization.Percent:84.1|#Level:Host|#hostname:denisa-vm,timestamp:1673799562
2023-01-15T17:19:22,565 [INFO ] pool-3-thread-1 TS_METRICS - MemoryAvailable.Megabytes:2822.37109375|#Level:Host|#hostname:denisa-vm,timestamp:1673799562
2023-01-15T17:19:22,566 [INFO ] pool-3-thread-1 TS_METRICS - MemoryUsed.Megabytes:4032.078125|#Level:Host|#hostname:denisa-vm,timestamp:1673799562
2023-01-15T17:19:22,566 [INFO ] pool-3-thread-1 TS_METRICS - MemoryUtilization.Percent:63.8|#Level:Host|#hostname:denisa-vm,timestamp:1673799562
2023-01-15T17:20:22,581 [INFO ] pool-3-thread-2 TS_METRICS - CPUUtilization.Percent:33.3|#Level:Host|#hostname:denisa-vm,timestamp:1673799622
2023-01-15T17:20:22,581 [INFO ] pool-3-thread-2 TS_METRICS - DiskAvailable.Gigabytes:6.030517578125|#Level:Host|#hostname:denisa-vm,timestamp:1673799622
2023-01-15T17:20:22,581 [INFO ] pool-3-thread-2 TS_METRICS - DiskUsage.Gigabytes:31.434711456298828|#Level:Host|#hostname:denisa-vm,timestamp:1673799622
2023-01-15T17:20:22,581 [INFO ] pool-3-thread-2 TS_METRICS - DiskUtilization.Percent:83.9|#Level:Host|#hostname:denisa-vm,timestamp:1673799622
2023-01-15T17:20:22,581 [INFO ] pool-3-thread-2 TS_METRICS - MemoryAvailable.Megabytes:6131.234375|#Level:Host|#hostname:denisa-vm,timestamp:1673799622
2023-01-15T17:20:22,581 [INFO ] pool-3-thread-2 TS_METRICS - MemoryUsed.Megabytes:1115.42578125|#Level:Host|#hostname:denisa-vm,timestamp:1673799622
2023-01-15T17:20:22,581 [INFO ] pool-3-thread-2 TS_METRICS - MemoryUtilization.Percent:21.5|#Level:Host|#hostname:denisa-vm,timestamp:1673799622
